        -:    0:Source:/usr/include/c++/9/bits/move.h
        -:    0:Graph:/home/minerkow/Рабочий стол/2nd_Course/Matrix/cmake-build-debug/CMakeFiles/test_graph.dir/test/test_graph.gcno
        -:    0:Data:/home/minerkow/Рабочий стол/2nd_Course/Matrix/cmake-build-debug/CMakeFiles/test_graph.dir/test/test_graph.gcda
        -:    0:Runs:2
        -:    1:// Move, forward and identity for C++11 + swap -*- C++ -*-
        -:    2:
        -:    3:// Copyright (C) 2007-2019 Free Software Foundation, Inc.
        -:    4://
        -:    5:// This file is part of the GNU ISO C++ Library.  This library is free
        -:    6:// software; you can redistribute it and/or modify it under the
        -:    7:// terms of the GNU General Public License as published by the
        -:    8:// Free Software Foundation; either version 3, or (at your option)
        -:    9:// any later version.
        -:   10:
        -:   11:// This library is distributed in the hope that it will be useful,
        -:   12:// but WITHOUT ANY WARRANTY; without even the implied warranty of
        -:   13:// MERCHANTABILITY or FITNESS FOR A PARTICULAR PURPOSE.  See the
        -:   14:// GNU General Public License for more details.
        -:   15:
        -:   16:// Under Section 7 of GPL version 3, you are granted additional
        -:   17:// permissions described in the GCC Runtime Library Exception, version
        -:   18:// 3.1, as published by the Free Software Foundation.
        -:   19:
        -:   20:// You should have received a copy of the GNU General Public License and
        -:   21:// a copy of the GCC Runtime Library Exception along with this program;
        -:   22:// see the files COPYING3 and COPYING.RUNTIME respectively.  If not, see
        -:   23:// <http://www.gnu.org/licenses/>.
        -:   24:
        -:   25:/** @file bits/move.h
        -:   26: *  This is an internal header file, included by other library headers.
        -:   27: *  Do not attempt to use it directly. @headername{utility}
        -:   28: */
        -:   29:
        -:   30:#ifndef _MOVE_H
        -:   31:#define _MOVE_H 1
        -:   32:
        -:   33:#include <bits/c++config.h>
        -:   34:#include <bits/concept_check.h>
        -:   35:
        -:   36:namespace std _GLIBCXX_VISIBILITY(default)
        -:   37:{
        -:   38:_GLIBCXX_BEGIN_NAMESPACE_VERSION
        -:   39:
        -:   40:  // Used, in C++03 mode too, by allocators, etc.
        -:   41:  /**
        -:   42:   *  @brief Same as C++11 std::addressof
        -:   43:   *  @ingroup utilities
        -:   44:   */
        -:   45:  template<typename _Tp>
        -:   46:    inline _GLIBCXX_CONSTEXPR _Tp*
    2938*:   47:    __addressof(_Tp& __r) _GLIBCXX_NOEXCEPT
    2938*:   48:    { return __builtin_addressof(__r); }
------------------
_ZSt11__addressofIKNSt8__detail11_AnyMatcherINSt7__cxx1112regex_traitsIcEELb0ELb1ELb1EEEEPT_RS7_:
    #####:   47:    __addressof(_Tp& __r) _GLIBCXX_NOEXCEPT
    #####:   48:    { return __builtin_addressof(__r); }
    %%%%%:   48-block  0
------------------
_ZSt11__addressofIKcEPT_RS1_:
        4:   47:    __addressof(_Tp& __r) _GLIBCXX_NOEXCEPT
        4:   48:    { return __builtin_addressof(__r); }
        4:   48-block  0
------------------
_ZSt11__addressofISt6vectorIdSaIdEEEPT_RS3_:
       24:   47:    __addressof(_Tp& __r) _GLIBCXX_NOEXCEPT
       24:   48:    { return __builtin_addressof(__r); }
       24:   48-block  0
------------------
_ZSt11__addressofISt6vectorIiSaIiEEEPT_RS3_:
        8:   47:    __addressof(_Tp& __r) _GLIBCXX_NOEXCEPT
        8:   48:    { return __builtin_addressof(__r); }
        8:   48-block  0
------------------
_ZSt11__addressofISt4pairIlSt6vectorINSt7__cxx119sub_matchIPKcEESaIS6_EEEEPT_RSA_:
    #####:   47:    __addressof(_Tp& __r) _GLIBCXX_NOEXCEPT
    #####:   48:    { return __builtin_addressof(__r); }
    %%%%%:   48-block  0
------------------
_ZSt11__addressofISt4pairIS0_ImmES0_IddEEEPT_RS4_:
       60:   47:    __addressof(_Tp& __r) _GLIBCXX_NOEXCEPT
       60:   48:    { return __builtin_addressof(__r); }
       60:   48-block  0
------------------
_ZSt11__addressofISt4pairIS0_ImmEdEEPT_RS3_:
    #####:   47:    __addressof(_Tp& __r) _GLIBCXX_NOEXCEPT
    #####:   48:    { return __builtin_addressof(__r); }
    %%%%%:   48-block  0
------------------
_ZSt11__addressofINSt7__cxx119sub_matchIPKcEEEPT_RS5_:
      280:   47:    __addressof(_Tp& __r) _GLIBCXX_NOEXCEPT
      280:   48:    { return __builtin_addressof(__r); }
      280:   48-block  0
------------------
_ZSt11__addressofISt4pairIPKciEEPT_RS4_:
     1200:   47:    __addressof(_Tp& __r) _GLIBCXX_NOEXCEPT
     1200:   48:    { return __builtin_addressof(__r); }
     1200:   48-block  0
------------------
_ZSt11__addressofISaISt23_Sp_counted_ptr_inplaceINSt8__detail4_NFAINSt7__cxx1112regex_traitsIcEEEESaIS6_ELN9__gnu_cxx12_Lock_policyE2EEEEPT_RSC_:
        8:   47:    __addressof(_Tp& __r) _GLIBCXX_NOEXCEPT
        8:   48:    { return __builtin_addressof(__r); }
        8:   48-block  0
------------------
_ZSt11__addressofINSt8__detail6_StateIcEEEPT_RS3_:
     1316:   47:    __addressof(_Tp& __r) _GLIBCXX_NOEXCEPT
     1316:   48:    { return __builtin_addressof(__r); }
     1316:   48-block  0
------------------
_ZSt11__addressofIKNSt8__detail11_AnyMatcherINSt7__cxx1112regex_traitsIcEELb0ELb0ELb0EEEEPT_RS7_:
    #####:   47:    __addressof(_Tp& __r) _GLIBCXX_NOEXCEPT
    #####:   48:    { return __builtin_addressof(__r); }
    %%%%%:   48-block  0
------------------
_ZSt11__addressofIKNSt8__detail11_AnyMatcherINSt7__cxx1112regex_traitsIcEELb0ELb0ELb1EEEEPT_RS7_:
    #####:   47:    __addressof(_Tp& __r) _GLIBCXX_NOEXCEPT
    #####:   48:    { return __builtin_addressof(__r); }
    %%%%%:   48-block  0
------------------
_ZSt11__addressofIKNSt8__detail11_AnyMatcherINSt7__cxx1112regex_traitsIcEELb0ELb1ELb0EEEEPT_RS7_:
    #####:   47:    __addressof(_Tp& __r) _GLIBCXX_NOEXCEPT
    #####:   48:    { return __builtin_addressof(__r); }
    %%%%%:   48-block  0
------------------
_ZSt11__addressofISt4pairIccEEPT_RS2_:
    #####:   47:    __addressof(_Tp& __r) _GLIBCXX_NOEXCEPT
    #####:   48:    { return __builtin_addressof(__r); }
    %%%%%:   48-block  0
------------------
_ZSt11__addressofIKNSt8__detail11_AnyMatcherINSt7__cxx1112regex_traitsIcEELb1ELb0ELb0EEEEPT_RS7_:
    #####:   47:    __addressof(_Tp& __r) _GLIBCXX_NOEXCEPT
    #####:   48:    { return __builtin_addressof(__r); }
    %%%%%:   48-block  0
------------------
_ZSt11__addressofIKNSt8__detail11_AnyMatcherINSt7__cxx1112regex_traitsIcEELb1ELb0ELb1EEEEPT_RS7_:
    #####:   47:    __addressof(_Tp& __r) _GLIBCXX_NOEXCEPT
    #####:   48:    { return __builtin_addressof(__r); }
    %%%%%:   48-block  0
------------------
_ZSt11__addressofIKNSt8__detail11_AnyMatcherINSt7__cxx1112regex_traitsIcEELb1ELb1ELb0EEEEPT_RS7_:
    #####:   47:    __addressof(_Tp& __r) _GLIBCXX_NOEXCEPT
    #####:   48:    { return __builtin_addressof(__r); }
    %%%%%:   48-block  0
------------------
_ZSt11__addressofIKNSt8__detail11_AnyMatcherINSt7__cxx1112regex_traitsIcEELb1ELb1ELb1EEEEPT_RS7_:
    #####:   47:    __addressof(_Tp& __r) _GLIBCXX_NOEXCEPT
    #####:   48:    { return __builtin_addressof(__r); }
    %%%%%:   48-block  0
------------------
_ZSt11__addressofIKNSt8__detail12_CharMatcherINSt7__cxx1112regex_traitsIcEELb0ELb0EEEEPT_RS7_:
       36:   47:    __addressof(_Tp& __r) _GLIBCXX_NOEXCEPT
       36:   48:    { return __builtin_addressof(__r); }
       36:   48-block  0
------------------
_ZSt11__addressofIKNSt8__detail12_CharMatcherINSt7__cxx1112regex_traitsIcEELb0ELb1EEEEPT_RS7_:
    #####:   47:    __addressof(_Tp& __r) _GLIBCXX_NOEXCEPT
    #####:   48:    { return __builtin_addressof(__r); }
    %%%%%:   48-block  0
------------------
_ZSt11__addressofIKNSt8__detail12_CharMatcherINSt7__cxx1112regex_traitsIcEELb1ELb0EEEEPT_RS7_:
    #####:   47:    __addressof(_Tp& __r) _GLIBCXX_NOEXCEPT
    #####:   48:    { return __builtin_addressof(__r); }
    %%%%%:   48-block  0
------------------
_ZSt11__addressofIKNSt8__detail12_CharMatcherINSt7__cxx1112regex_traitsIcEELb1ELb1EEEEPT_RS7_:
    #####:   47:    __addressof(_Tp& __r) _GLIBCXX_NOEXCEPT
    #####:   48:    { return __builtin_addressof(__r); }
    %%%%%:   48-block  0
------------------
_ZSt11__addressofINSt7__cxx1112basic_stringIcSt11char_traitsIcESaIcEEEEPT_RS6_:
        2:   47:    __addressof(_Tp& __r) _GLIBCXX_NOEXCEPT
        2:   48:    { return __builtin_addressof(__r); }
        2:   48-block  0
------------------
_ZSt11__addressofISt4pairINSt7__cxx1112basic_stringIcSt11char_traitsIcESaIcEEES6_EEPT_RS8_:
    #####:   47:    __addressof(_Tp& __r) _GLIBCXX_NOEXCEPT
    #####:   48:    { return __builtin_addressof(__r); }
    %%%%%:   48-block  0
------------------
_ZSt11__addressofIKN4mtrx8Matrix_tIiEEEPT_RS4_:
    #####:   47:    __addressof(_Tp& __r) _GLIBCXX_NOEXCEPT
    #####:   48:    { return __builtin_addressof(__r); }
    %%%%%:   48-block  0
------------------
_ZSt11__addressofINSt7__cxx1112regex_traitsIcE10_RegexMaskEEPT_RS4_:
    #####:   47:    __addressof(_Tp& __r) _GLIBCXX_NOEXCEPT
    #####:   48:    { return __builtin_addressof(__r); }
    %%%%%:   48-block  0
------------------
        -:   49:
        -:   50:#if __cplusplus >= 201103L
        -:   51:
        -:   52:_GLIBCXX_END_NAMESPACE_VERSION
        -:   53:} // namespace
        -:   54:
        -:   55:#include <type_traits> // Brings in std::declval too.
        -:   56:
        -:   57:namespace std _GLIBCXX_VISIBILITY(default)
        -:   58:{
        -:   59:_GLIBCXX_BEGIN_NAMESPACE_VERSION
        -:   60:
        -:   61:  /**
        -:   62:   *  @addtogroup utilities
        -:   63:   *  @{
        -:   64:   */
        -:   65:
        -:   66:  /**
        -:   67:   *  @brief  Forward an lvalue.
        -:   68:   *  @return The parameter cast to the specified type.
        -:   69:   *
        -:   70:   *  This function is used to implement "perfect forwarding".
        -:   71:   */
        -:   72:  template<typename _Tp>
        -:   73:    constexpr _Tp&&
    3850*:   74:    forward(typename std::remove_reference<_Tp>::type& __t) noexcept
    3850*:   75:    { return static_cast<_Tp&&>(__t); }
------------------
_ZSt7forwardIRbEOT_RNSt16remove_referenceIS1_E4typeE:
       14:   74:    forward(typename std::remove_reference<_Tp>::type& __t) noexcept
       14:   75:    { return static_cast<_Tp&&>(__t); }
       14:   75-block  0
------------------
_ZSt7forwardIRKSt6vectorINSt7__cxx119sub_matchIPKcEESaIS5_EEEOT_RNSt16remove_referenceISA_E4typeE:
    #####:   74:    forward(typename std::remove_reference<_Tp>::type& __t) noexcept
    #####:   75:    { return static_cast<_Tp&&>(__t); }
    %%%%%:   75-block  0
------------------
_ZSt7forwardIRlEOT_RNSt16remove_referenceIS1_E4typeE:
    #####:   74:    forward(typename std::remove_reference<_Tp>::type& __t) noexcept
    #####:   75:    { return static_cast<_Tp&&>(__t); }
    %%%%%:   75-block  0
------------------
_ZSt7forwardIRKSt6vectorIiSaIiEEEOT_RNSt16remove_referenceIS5_E4typeE:
        4:   74:    forward(typename std::remove_reference<_Tp>::type& __t) noexcept
        4:   75:    { return static_cast<_Tp&&>(__t); }
        4:   75-block  0
------------------
_ZSt7forwardIRKSt6vectorIdSaIdEEEOT_RNSt16remove_referenceIS5_E4typeE:
       12:   74:    forward(typename std::remove_reference<_Tp>::type& __t) noexcept
       12:   75:    { return static_cast<_Tp&&>(__t); }
       12:   75-block  0
------------------
_ZSt7forwardIRNSt15regex_constants18syntax_option_typeEEOT_RNSt16remove_referenceIS3_E4typeE:
       32:   74:    forward(typename std::remove_reference<_Tp>::type& __t) noexcept
       32:   75:    { return static_cast<_Tp&&>(__t); }
       32:   75-block  0
------------------
_ZSt7forwardIRKSt6localeEOT_RNSt16remove_referenceIS3_E4typeE:
       32:   74:    forward(typename std::remove_reference<_Tp>::type& __t) noexcept
       32:   75:    { return static_cast<_Tp&&>(__t); }
       32:   75-block  0
------------------
_ZSt7forwardIRPSt18_Rb_tree_node_baseEOT_RNSt16remove_referenceIS3_E4typeE:
       14:   74:    forward(typename std::remove_reference<_Tp>::type& __t) noexcept
       14:   75:    { return static_cast<_Tp&&>(__t); }
       14:   75-block  0
------------------
_ZSt7forwardIRPSt13_Rb_tree_nodeImEEOT_RNSt16remove_referenceIS4_E4typeE:
       14:   74:    forward(typename std::remove_reference<_Tp>::type& __t) noexcept
       14:   75:    { return static_cast<_Tp&&>(__t); }
       14:   75-block  0
------------------
_ZSt7forwardIbEOT_RNSt16remove_referenceIS0_E4typeE:
       14:   74:    forward(typename std::remove_reference<_Tp>::type& __t) noexcept
       14:   75:    { return static_cast<_Tp&&>(__t); }
       14:   75-block  0
------------------
_ZSt7forwardISt17_Rb_tree_iteratorImEEOT_RNSt16remove_referenceIS2_E4typeE:
       14:   74:    forward(typename std::remove_reference<_Tp>::type& __t) noexcept
       14:   75:    { return static_cast<_Tp&&>(__t); }
       14:   75-block  0
------------------
_ZSt7forwardINSt8__detail6_StateIcEEEOT_RNSt16remove_referenceIS3_E4typeE:
      932:   74:    forward(typename std::remove_reference<_Tp>::type& __t) noexcept
      932:   75:    { return static_cast<_Tp&&>(__t); }
      932:   75-block  0
------------------
_ZSt7forwardIRSt17_Rb_tree_iteratorImEEOT_RNSt16remove_referenceIS3_E4typeE:
       14:   74:    forward(typename std::remove_reference<_Tp>::type& __t) noexcept
       14:   75:    { return static_cast<_Tp&&>(__t); }
       14:   75-block  0
------------------
_ZSt7forwardIRKmEOT_RNSt16remove_referenceIS2_E4typeE:
      226:   74:    forward(typename std::remove_reference<_Tp>::type& __t) noexcept
      226:   75:    { return static_cast<_Tp&&>(__t); }
      226:   75-block  0
------------------
_ZSt7forwardISt4pairIS0_ImmEdEEOT_RNSt16remove_referenceIS3_E4typeE:
        8:   74:    forward(typename std::remove_reference<_Tp>::type& __t) noexcept
        8:   75:    { return static_cast<_Tp&&>(__t); }
        8:   75-block  0
------------------
_ZSt7forwardISt4pairIS0_ImmES0_IddEEEOT_RNSt16remove_referenceIS4_E4typeE:
      102:   74:    forward(typename std::remove_reference<_Tp>::type& __t) noexcept
      102:   75:    { return static_cast<_Tp&&>(__t); }
      102:   75-block  0
------------------
_ZSt7forwardIRdEOT_RNSt16remove_referenceIS1_E4typeE:
        2:   74:    forward(typename std::remove_reference<_Tp>::type& __t) noexcept
        2:   75:    { return static_cast<_Tp&&>(__t); }
        2:   75-block  0
------------------
_ZSt7forwardImEOT_RNSt16remove_referenceIS0_E4typeE:
       36:   74:    forward(typename std::remove_reference<_Tp>::type& __t) noexcept
       36:   75:    { return static_cast<_Tp&&>(__t); }
       36:   75-block  0
------------------
_ZSt7forwardIRSt4pairIddEEOT_RNSt16remove_referenceIS3_E4typeE:
       16:   74:    forward(typename std::remove_reference<_Tp>::type& __t) noexcept
       16:   75:    { return static_cast<_Tp&&>(__t); }
       16:   75-block  0
------------------
_ZSt7forwardIRmEOT_RNSt16remove_referenceIS1_E4typeE:
       36:   74:    forward(typename std::remove_reference<_Tp>::type& __t) noexcept
       36:   75:    { return static_cast<_Tp&&>(__t); }
       36:   75-block  0
------------------
_ZSt7forwardIcEOT_RNSt16remove_referenceIS0_E4typeE:
      776:   74:    forward(typename std::remove_reference<_Tp>::type& __t) noexcept
      776:   75:    { return static_cast<_Tp&&>(__t); }
      776:   75-block  0
------------------
_ZSt7forwardIRKNSt7__cxx1112regex_traitsIcE10_RegexMaskEEOT_RNSt16remove_referenceIS6_E4typeE:
    #####:   74:    forward(typename std::remove_reference<_Tp>::type& __t) noexcept
    #####:   75:    { return static_cast<_Tp&&>(__t); }
    %%%%%:   75-block  0
------------------
_ZSt7forwardIRKSt4pairIccEEOT_RNSt16remove_referenceIS4_E4typeE:
    #####:   74:    forward(typename std::remove_reference<_Tp>::type& __t) noexcept
    #####:   75:    { return static_cast<_Tp&&>(__t); }
    %%%%%:   75-block  0
------------------
_ZSt7forwardINSt7__cxx1112regex_traitsIcE10_RegexMaskEEOT_RNSt16remove_referenceIS4_E4typeE:
    #####:   74:    forward(typename std::remove_reference<_Tp>::type& __t) noexcept
    #####:   75:    { return static_cast<_Tp&&>(__t); }
    %%%%%:   75-block  0
------------------
_ZSt7forwardIRPSt13_Rb_tree_nodeISt4pairIKllEEEOT_RNSt16remove_referenceIS7_E4typeE:
    #####:   74:    forward(typename std::remove_reference<_Tp>::type& __t) noexcept
    #####:   75:    { return static_cast<_Tp&&>(__t); }
    %%%%%:   75-block  0
------------------
_ZSt7forwardISt4pairINSt7__cxx1112basic_stringIcSt11char_traitsIcESaIcEEES6_EEOT_RNSt16remove_referenceIS8_E4typeE:
    #####:   74:    forward(typename std::remove_reference<_Tp>::type& __t) noexcept
    #####:   75:    { return static_cast<_Tp&&>(__t); }
    %%%%%:   75-block  0
------------------
_ZSt7forwardISt4pairIccEEOT_RNSt16remove_referenceIS2_E4typeE:
    #####:   74:    forward(typename std::remove_reference<_Tp>::type& __t) noexcept
    #####:   75:    { return static_cast<_Tp&&>(__t); }
    %%%%%:   75-block  0
------------------
_ZSt7forwardIRKNSt7__cxx1112basic_stringIcSt11char_traitsIcESaIcEEEEOT_RNSt16remove_referenceIS8_E4typeE:
    #####:   74:    forward(typename std::remove_reference<_Tp>::type& __t) noexcept
    #####:   75:    { return static_cast<_Tp&&>(__t); }
    %%%%%:   75-block  0
------------------
_ZSt7forwardIRKNSt8__detail6_StateIcEEEOT_RNSt16remove_referenceIS5_E4typeE:
      508:   74:    forward(typename std::remove_reference<_Tp>::type& __t) noexcept
      508:   75:    { return static_cast<_Tp&&>(__t); }
      508:   75-block  0
------------------
_ZSt7forwardISt4pairIlSt6vectorINSt7__cxx119sub_matchIPKcEESaIS6_EEEEOT_RNSt16remove_referenceISA_E4typeE:
    #####:   74:    forward(typename std::remove_reference<_Tp>::type& __t) noexcept
    #####:   75:    { return static_cast<_Tp&&>(__t); }
    %%%%%:   75-block  0
------------------
_ZSt7forwardINSt7__cxx1112basic_stringIcSt11char_traitsIcESaIcEEEEOT_RNSt16remove_referenceIS6_E4typeE:
    #####:   74:    forward(typename std::remove_reference<_Tp>::type& __t) noexcept
    #####:   75:    { return static_cast<_Tp&&>(__t); }
    %%%%%:   75-block  0
------------------
_ZSt7forwardIRKSt4pairINSt7__cxx1112basic_stringIcSt11char_traitsIcESaIcEEES6_EEOT_RNSt16remove_referenceISA_E4typeE:
    #####:   74:    forward(typename std::remove_reference<_Tp>::type& __t) noexcept
    #####:   75:    { return static_cast<_Tp&&>(__t); }
    %%%%%:   75-block  0
------------------
_ZSt7forwardIRKNSt7__cxx119sub_matchIPKcEEEOT_RNSt16remove_referenceIS7_E4typeE:
      224:   74:    forward(typename std::remove_reference<_Tp>::type& __t) noexcept
      224:   75:    { return static_cast<_Tp&&>(__t); }
      224:   75-block  0
------------------
_ZSt7forwardIRKlEOT_RNSt16remove_referenceIS2_E4typeE:
    #####:   74:    forward(typename std::remove_reference<_Tp>::type& __t) noexcept
    #####:   75:    { return static_cast<_Tp&&>(__t); }
    %%%%%:   75-block  0
------------------
_ZSt7forwardISt5tupleIJEEEOT_RNSt16remove_referenceIS2_E4typeE:
    #####:   74:    forward(typename std::remove_reference<_Tp>::type& __t) noexcept
    #####:   75:    { return static_cast<_Tp&&>(__t); }
    %%%%%:   75-block  0
------------------
_ZSt7forwardISt5tupleIJRKlEEEOT_RNSt16remove_referenceIS4_E4typeE:
    #####:   74:    forward(typename std::remove_reference<_Tp>::type& __t) noexcept
    #####:   75:    { return static_cast<_Tp&&>(__t); }
    %%%%%:   75-block  0
------------------
_ZSt7forwardIRKSt21piecewise_construct_tEOT_RNSt16remove_referenceIS3_E4typeE:
    #####:   74:    forward(typename std::remove_reference<_Tp>::type& __t) noexcept
    #####:   75:    { return static_cast<_Tp&&>(__t); }
    %%%%%:   75-block  0
------------------
_ZSt7forwardIRNSt7__cxx119sub_matchIPKcEEEOT_RNSt16remove_referenceIS6_E4typeE:
    #####:   74:    forward(typename std::remove_reference<_Tp>::type& __t) noexcept
    #####:   75:    { return static_cast<_Tp&&>(__t); }
    %%%%%:   75-block  0
------------------
_ZSt7forwardINSt7__cxx119sub_matchIPKcEEEOT_RNSt16remove_referenceIS5_E4typeE:
    #####:   74:    forward(typename std::remove_reference<_Tp>::type& __t) noexcept
    #####:   75:    { return static_cast<_Tp&&>(__t); }
    %%%%%:   75-block  0
------------------
_ZSt7forwardIRKNSt8__detail9_StateSeqINSt7__cxx1112regex_traitsIcEEEEEOT_RNSt16remove_referenceIS8_E4typeE:
      448:   74:    forward(typename std::remove_reference<_Tp>::type& __t) noexcept
      448:   75:    { return static_cast<_Tp&&>(__t); }
      448:   75-block  0
------------------
_ZSt7forwardINSt8__detail9_StateSeqINSt7__cxx1112regex_traitsIcEEEEEOT_RNSt16remove_referenceIS6_E4typeE:
      372:   74:    forward(typename std::remove_reference<_Tp>::type& __t) noexcept
      372:   75:    { return static_cast<_Tp&&>(__t); }
      372:   75-block  0
------------------
        -:   76:
        -:   77:  /**
        -:   78:   *  @brief  Forward an rvalue.
        -:   79:   *  @return The parameter cast to the specified type.
        -:   80:   *
        -:   81:   *  This function is used to implement "perfect forwarding".
        -:   82:   */
        -:   83:  template<typename _Tp>
        -:   84:    constexpr _Tp&&
        -:   85:    forward(typename std::remove_reference<_Tp>::type&& __t) noexcept
        -:   86:    {
        -:   87:      static_assert(!std::is_lvalue_reference<_Tp>::value, "template argument"
        -:   88:		    " substituting _Tp is an lvalue reference type");
        -:   89:      return static_cast<_Tp&&>(__t);
        -:   90:    }
        -:   91:
        -:   92:  /**
        -:   93:   *  @brief  Convert a value to an rvalue.
        -:   94:   *  @param  __t  A thing of arbitrary type.
        -:   95:   *  @return The parameter cast to an rvalue-reference to allow moving it.
        -:   96:  */
        -:   97:  template<typename _Tp>
        -:   98:    constexpr typename std::remove_reference<_Tp>::type&&
    5806*:   99:    move(_Tp&& __t) noexcept
    5806*:  100:    { return static_cast<typename std::remove_reference<_Tp>::type&&>(__t); }
------------------
_ZSt4moveIRSaIdEEONSt16remove_referenceIT_E4typeEOS3_:
        4:   99:    move(_Tp&& __t) noexcept
        4:  100:    { return static_cast<typename std::remove_reference<_Tp>::type&&>(__t); }
        4:  100-block  0
------------------
_ZSt4moveIRNSt8__detail15_BracketMatcherINSt7__cxx1112regex_traitsIcEELb1ELb0EEEEONSt16remove_referenceIT_E4typeEOS8_:
    #####:   99:    move(_Tp&& __t) noexcept
    #####:  100:    { return static_cast<typename std::remove_reference<_Tp>::type&&>(__t); }
    %%%%%:  100-block  0
------------------
_ZSt4moveIRNSt8__detail15_BracketMatcherINSt7__cxx1112regex_traitsIcEELb0ELb1EEEEONSt16remove_referenceIT_E4typeEOS8_:
    #####:   99:    move(_Tp&& __t) noexcept
    #####:  100:    { return static_cast<typename std::remove_reference<_Tp>::type&&>(__t); }
    %%%%%:  100-block  0
------------------
_ZSt4moveIRNSt8__detail15_BracketMatcherINSt7__cxx1112regex_traitsIcEELb0ELb0EEEEONSt16remove_referenceIT_E4typeEOS8_:
      272:   99:    move(_Tp&& __t) noexcept
      272:  100:    { return static_cast<typename std::remove_reference<_Tp>::type&&>(__t); }
      272:  100-block  0
------------------
_ZSt4moveIRlEONSt16remove_referenceIT_E4typeEOS2_:
    #####:   99:    move(_Tp&& __t) noexcept
    #####:  100:    { return static_cast<typename std::remove_reference<_Tp>::type&&>(__t); }
    %%%%%:  100-block  0
------------------
_ZSt4moveIRPFbRKSt9_Any_dataOcEEONSt16remove_referenceIT_E4typeEOS8_:
      960:   99:    move(_Tp&& __t) noexcept
      960:  100:    { return static_cast<typename std::remove_reference<_Tp>::type&&>(__t); }
      960:  100-block  0
------------------
_ZSt4moveIRNSt12_Vector_baseISt4pairIlSt6vectorINSt7__cxx119sub_matchIPKcEESaIS7_EEESaISA_EE12_Vector_implEEONSt16remove_referenceIT_E4typeEOSG_:
    #####:   99:    move(_Tp&& __t) noexcept
    #####:  100:    { return static_cast<typename std::remove_reference<_Tp>::type&&>(__t); }
    %%%%%:  100-block  0
------------------
_ZSt4moveIRNSt8__detail9_StateSeqINSt7__cxx1112regex_traitsIcEEEEEONSt16remove_referenceIT_E4typeEOS8_:
      248:   99:    move(_Tp&& __t) noexcept
      248:  100:    { return static_cast<typename std::remove_reference<_Tp>::type&&>(__t); }
      248:  100-block  0
------------------
_ZSt4moveIRSt8functionIFbcEEEONSt16remove_referenceIT_E4typeEOS5_:
      320:   99:    move(_Tp&& __t) noexcept
      320:  100:    { return static_cast<typename std::remove_reference<_Tp>::type&&>(__t); }
      320:  100-block  0
------------------
_ZSt4moveIRSt6vectorINSt7__cxx119sub_matchIPKcEESaIS5_EEEONSt16remove_referenceIT_E4typeEOSA_:
    #####:   99:    move(_Tp&& __t) noexcept
    #####:  100:    { return static_cast<typename std::remove_reference<_Tp>::type&&>(__t); }
    %%%%%:  100-block  0
------------------
_ZSt4moveIRSt6vectorISt4pairIlS0_INSt7__cxx119sub_matchIPKcEESaIS6_EEESaIS9_EEEONSt16remove_referenceIT_E4typeEOSE_:
    #####:   99:    move(_Tp&& __t) noexcept
    #####:  100:    { return static_cast<typename std::remove_reference<_Tp>::type&&>(__t); }
    %%%%%:  100-block  0
------------------
_ZSt4moveIRNSt8__detail6_StateIcEEEONSt16remove_referenceIT_E4typeEOS5_:
      832:   99:    move(_Tp&& __t) noexcept
      832:  100:    { return static_cast<typename std::remove_reference<_Tp>::type&&>(__t); }
      832:  100-block  0
------------------
_ZSt4moveIRSt10shared_ptrINSt8__detail4_NFAINSt7__cxx1112regex_traitsIcEEEEEEONSt16remove_referenceIT_E4typeEOSA_:
        8:   99:    move(_Tp&& __t) noexcept
        8:  100:    { return static_cast<typename std::remove_reference<_Tp>::type&&>(__t); }
        8:  100-block  0
------------------
_ZSt4moveIRNSt8__detail15_BracketMatcherINSt7__cxx1112regex_traitsIcEELb1ELb1EEEEONSt16remove_referenceIT_E4typeEOS8_:
    #####:   99:    move(_Tp&& __t) noexcept
    #####:  100:    { return static_cast<typename std::remove_reference<_Tp>::type&&>(__t); }
    %%%%%:  100-block  0
------------------
_ZSt4moveIRSt6localeEONSt16remove_referenceIT_E4typeEOS3_:
       16:   99:    move(_Tp&& __t) noexcept
       16:  100:    { return static_cast<typename std::remove_reference<_Tp>::type&&>(__t); }
       16:  100-block  0
------------------
_ZSt4moveIRPKcEONSt16remove_referenceIT_E4typeEOS4_:
       16:   99:    move(_Tp&& __t) noexcept
       16:  100:    { return static_cast<typename std::remove_reference<_Tp>::type&&>(__t); }
       16:  100-block  0
------------------
_ZSt4moveIRPFbRSt9_Any_dataRKS0_St18_Manager_operationEEONSt16remove_referenceIT_E4typeEOS9_:
      960:   99:    move(_Tp&& __t) noexcept
      960:  100:    { return static_cast<typename std::remove_reference<_Tp>::type&&>(__t); }
      960:  100-block  0
------------------
_ZSt4moveIRSt9_Any_dataEONSt16remove_referenceIT_E4typeEOS3_:
      960:   99:    move(_Tp&& __t) noexcept
      960:  100:    { return static_cast<typename std::remove_reference<_Tp>::type&&>(__t); }
      960:  100-block  0
------------------
_ZSt4moveIRPNSt7__cxx1112basic_stringIcSt11char_traitsIcESaIcEEEEONSt16remove_referenceIT_E4typeEOS9_:
    #####:   99:    move(_Tp&& __t) noexcept
    #####:  100:    { return static_cast<typename std::remove_reference<_Tp>::type&&>(__t); }
    %%%%%:  100-block  0
------------------
_ZSt4moveIRPNSt7__cxx1118basic_stringstreamIcSt11char_traitsIcESaIcEEEEONSt16remove_referenceIT_E4typeEOS9_:
    #####:   99:    move(_Tp&& __t) noexcept
    #####:  100:    { return static_cast<typename std::remove_reference<_Tp>::type&&>(__t); }
    %%%%%:  100-block  0
------------------
_ZSt4moveIRmEONSt16remove_referenceIT_E4typeEOS2_:
       24:   99:    move(_Tp&& __t) noexcept
       24:  100:    { return static_cast<typename std::remove_reference<_Tp>::type&&>(__t); }
       24:  100-block  0
------------------
_ZSt4moveIRSt4pairIS0_ImmEdEEONSt16remove_referenceIT_E4typeEOS5_:
        2:   99:    move(_Tp&& __t) noexcept
        2:  100:    { return static_cast<typename std::remove_reference<_Tp>::type&&>(__t); }
        2:  100-block  0
------------------
_ZSt4moveIRSt6vectorIdSaIdEEEONSt16remove_referenceIT_E4typeEOS5_:
        4:   99:    move(_Tp&& __t) noexcept
        4:  100:    { return static_cast<typename std::remove_reference<_Tp>::type&&>(__t); }
        4:  100-block  0
------------------
_ZSt4moveIRSt4pairIS0_ImmES0_IddEEEONSt16remove_referenceIT_E4typeEOS6_:
       36:   99:    move(_Tp&& __t) noexcept
       36:  100:    { return static_cast<typename std::remove_reference<_Tp>::type&&>(__t); }
       36:  100-block  0
------------------
_ZSt4moveIRNSt7__cxx1112basic_stringIcSt11char_traitsIcESaIcEEEEONSt16remove_referenceIT_E4typeEOS8_:
    #####:   99:    move(_Tp&& __t) noexcept
    #####:  100:    { return static_cast<typename std::remove_reference<_Tp>::type&&>(__t); }
    %%%%%:  100-block  0
------------------
_ZSt4moveIRSaIcEEONSt16remove_referenceIT_E4typeEOS3_:
    #####:   99:    move(_Tp&& __t) noexcept
    #####:  100:    { return static_cast<typename std::remove_reference<_Tp>::type&&>(__t); }
    %%%%%:  100-block  0
------------------
_ZSt4moveIRNSt8__detail12_CharMatcherINSt7__cxx1112regex_traitsIcEELb1ELb1EEEEONSt16remove_referenceIT_E4typeEOS8_:
    #####:   99:    move(_Tp&& __t) noexcept
    #####:  100:    { return static_cast<typename std::remove_reference<_Tp>::type&&>(__t); }
    %%%%%:  100-block  0
------------------
_ZSt4moveIRNSt7__cxx1112regex_traitsIcE10_RegexMaskEEONSt16remove_referenceIT_E4typeEOS6_:
    #####:   99:    move(_Tp&& __t) noexcept
    #####:  100:    { return static_cast<typename std::remove_reference<_Tp>::type&&>(__t); }
    %%%%%:  100-block  0
------------------
_ZSt4moveIRNSt12_Vector_baseINSt7__cxx119sub_matchIPKcEESaIS5_EE12_Vector_implEEONSt16remove_referenceIT_E4typeEOSB_:
    #####:   99:    move(_Tp&& __t) noexcept
    #####:  100:    { return static_cast<typename std::remove_reference<_Tp>::type&&>(__t); }
    %%%%%:  100-block  0
------------------
_ZSt4moveIRSt4pairIlSt6vectorINSt7__cxx119sub_matchIPKcEESaIS6_EEEEONSt16remove_referenceIT_E4typeEOSC_:
    #####:   99:    move(_Tp&& __t) noexcept
    #####:  100:    { return static_cast<typename std::remove_reference<_Tp>::type&&>(__t); }
    %%%%%:  100-block  0
------------------
_ZSt4moveIRSt4pairINSt7__cxx1112basic_stringIcSt11char_traitsIcESaIcEEES6_EEONSt16remove_referenceIT_E4typeEOSA_:
    #####:   99:    move(_Tp&& __t) noexcept
    #####:  100:    { return static_cast<typename std::remove_reference<_Tp>::type&&>(__t); }
    %%%%%:  100-block  0
------------------
_ZSt4moveIRSt4pairIccEEONSt16remove_referenceIT_E4typeEOS4_:
    #####:   99:    move(_Tp&& __t) noexcept
    #####:  100:    { return static_cast<typename std::remove_reference<_Tp>::type&&>(__t); }
    %%%%%:  100-block  0
------------------
_ZSt4moveIRcEONSt16remove_referenceIT_E4typeEOS2_:
       20:   99:    move(_Tp&& __t) noexcept
       20:  100:    { return static_cast<typename std::remove_reference<_Tp>::type&&>(__t); }
       20:  100-block  0
------------------
_ZSt4moveIRNSt7__cxx119sub_matchIPKcEEEONSt16remove_referenceIT_E4typeEOS7_:
    #####:   99:    move(_Tp&& __t) noexcept
    #####:  100:    { return static_cast<typename std::remove_reference<_Tp>::type&&>(__t); }
    %%%%%:  100-block  0
------------------
_ZSt4moveIRNSt12_Vector_baseISt4pairINSt7__cxx1112basic_stringIcSt11char_traitsIcESaIcEEES7_ESaIS8_EE12_Vector_implEEONSt16remove_referenceIT_E4typeEOSE_:
    #####:   99:    move(_Tp&& __t) noexcept
    #####:  100:    { return static_cast<typename std::remove_reference<_Tp>::type&&>(__t); }
    %%%%%:  100-block  0
------------------
_ZSt4moveIRNSt12_Vector_baseINSt7__cxx1112regex_traitsIcE10_RegexMaskESaIS4_EE12_Vector_implEEONSt16remove_referenceIT_E4typeEOSA_:
      272:   99:    move(_Tp&& __t) noexcept
      272:  100:    { return static_cast<typename std::remove_reference<_Tp>::type&&>(__t); }
      272:  100-block  0
------------------
_ZSt4moveIRNSt12_Vector_baseISt4pairIccESaIS2_EE12_Vector_implEEONSt16remove_referenceIT_E4typeEOS8_:
      272:   99:    move(_Tp&& __t) noexcept
      272:  100:    { return static_cast<typename std::remove_reference<_Tp>::type&&>(__t); }
      272:  100-block  0
------------------
_ZSt4moveIRNSt12_Vector_baseINSt7__cxx1112basic_stringIcSt11char_traitsIcESaIcEEESaIS6_EE12_Vector_implEEONSt16remove_referenceIT_E4typeEOSC_:
      272:   99:    move(_Tp&& __t) noexcept
      272:  100:    { return static_cast<typename std::remove_reference<_Tp>::type&&>(__t); }
      272:  100-block  0
------------------
_ZSt4moveIRNSt12_Vector_baseIcSaIcEE12_Vector_implEEONSt16remove_referenceIT_E4typeEOS6_:
      272:   99:    move(_Tp&& __t) noexcept
      272:  100:    { return static_cast<typename std::remove_reference<_Tp>::type&&>(__t); }
      272:  100-block  0
------------------
_ZSt4moveIRN9__gnu_cxx5__ops15_Iter_less_iterEEONSt16remove_referenceIT_E4typeEOS5_:
    #####:   99:    move(_Tp&& __t) noexcept
    #####:  100:    { return static_cast<typename std::remove_reference<_Tp>::type&&>(__t); }
    %%%%%:  100-block  0
------------------
_ZSt4moveIRNSt8__detail12_CharMatcherINSt7__cxx1112regex_traitsIcEELb1ELb0EEEEONSt16remove_referenceIT_E4typeEOS8_:
    #####:   99:    move(_Tp&& __t) noexcept
    #####:  100:    { return static_cast<typename std::remove_reference<_Tp>::type&&>(__t); }
    %%%%%:  100-block  0
------------------
_ZSt4moveIRNSt8__detail12_CharMatcherINSt7__cxx1112regex_traitsIcEELb0ELb1EEEEONSt16remove_referenceIT_E4typeEOS8_:
    #####:   99:    move(_Tp&& __t) noexcept
    #####:  100:    { return static_cast<typename std::remove_reference<_Tp>::type&&>(__t); }
    %%%%%:  100-block  0
------------------
_ZSt4moveIRNSt8__detail12_CharMatcherINSt7__cxx1112regex_traitsIcEELb0ELb0EEEEONSt16remove_referenceIT_E4typeEOS8_:
       36:   99:    move(_Tp&& __t) noexcept
       36:  100:    { return static_cast<typename std::remove_reference<_Tp>::type&&>(__t); }
       36:  100-block  0
------------------
_ZSt4moveIRNSt8__detail11_AnyMatcherINSt7__cxx1112regex_traitsIcEELb1ELb1ELb1EEEEONSt16remove_referenceIT_E4typeEOS8_:
    #####:   99:    move(_Tp&& __t) noexcept
    #####:  100:    { return static_cast<typename std::remove_reference<_Tp>::type&&>(__t); }
    %%%%%:  100-block  0
------------------
_ZSt4moveIRNSt8__detail11_AnyMatcherINSt7__cxx1112regex_traitsIcEELb1ELb1ELb0EEEEONSt16remove_referenceIT_E4typeEOS8_:
    #####:   99:    move(_Tp&& __t) noexcept
    #####:  100:    { return static_cast<typename std::remove_reference<_Tp>::type&&>(__t); }
    %%%%%:  100-block  0
------------------
_ZSt4moveIRNSt8__detail11_AnyMatcherINSt7__cxx1112regex_traitsIcEELb1ELb0ELb1EEEEONSt16remove_referenceIT_E4typeEOS8_:
    #####:   99:    move(_Tp&& __t) noexcept
    #####:  100:    { return static_cast<typename std::remove_reference<_Tp>::type&&>(__t); }
    %%%%%:  100-block  0
------------------
_ZSt4moveIRNSt8__detail11_AnyMatcherINSt7__cxx1112regex_traitsIcEELb1ELb0ELb0EEEEONSt16remove_referenceIT_E4typeEOS8_:
    #####:   99:    move(_Tp&& __t) noexcept
    #####:  100:    { return static_cast<typename std::remove_reference<_Tp>::type&&>(__t); }
    %%%%%:  100-block  0
------------------
_ZSt4moveIRNSt8__detail11_AnyMatcherINSt7__cxx1112regex_traitsIcEELb0ELb1ELb1EEEEONSt16remove_referenceIT_E4typeEOS8_:
    #####:   99:    move(_Tp&& __t) noexcept
    #####:  100:    { return static_cast<typename std::remove_reference<_Tp>::type&&>(__t); }
    %%%%%:  100-block  0
------------------
_ZSt4moveIRNSt8__detail11_AnyMatcherINSt7__cxx1112regex_traitsIcEELb0ELb1ELb0EEEEONSt16remove_referenceIT_E4typeEOS8_:
    #####:   99:    move(_Tp&& __t) noexcept
    #####:  100:    { return static_cast<typename std::remove_reference<_Tp>::type&&>(__t); }
    %%%%%:  100-block  0
------------------
_ZSt4moveIRNSt8__detail11_AnyMatcherINSt7__cxx1112regex_traitsIcEELb0ELb0ELb1EEEEONSt16remove_referenceIT_E4typeEOS8_:
    #####:   99:    move(_Tp&& __t) noexcept
    #####:  100:    { return static_cast<typename std::remove_reference<_Tp>::type&&>(__t); }
    %%%%%:  100-block  0
------------------
_ZSt4moveIRNSt8__detail11_AnyMatcherINSt7__cxx1112regex_traitsIcEELb0ELb0ELb0EEEEONSt16remove_referenceIT_E4typeEOS8_:
    #####:   99:    move(_Tp&& __t) noexcept
    #####:  100:    { return static_cast<typename std::remove_reference<_Tp>::type&&>(__t); }
    %%%%%:  100-block  0
------------------
_ZSt4moveIRSaINSt7__cxx119sub_matchIPKcEEEEONSt16remove_referenceIT_E4typeEOS8_:
    #####:   99:    move(_Tp&& __t) noexcept
    #####:  100:    { return static_cast<typename std::remove_reference<_Tp>::type&&>(__t); }
    %%%%%:  100-block  0
------------------
        -:  101:
        -:  102:
        -:  103:  template<typename _Tp>
        -:  104:    struct __move_if_noexcept_cond
        -:  105:    : public __and_<__not_<is_nothrow_move_constructible<_Tp>>,
        -:  106:                    is_copy_constructible<_Tp>>::type { };
        -:  107:
        -:  108:  /**
        -:  109:   *  @brief  Conditionally convert a value to an rvalue.
        -:  110:   *  @param  __x  A thing of arbitrary type.
        -:  111:   *  @return The parameter, possibly cast to an rvalue-reference.
        -:  112:   *
        -:  113:   *  Same as std::move unless the type's move constructor could throw and the
        -:  114:   *  type is copyable, in which case an lvalue-reference is returned instead.
        -:  115:   */
        -:  116:  template<typename _Tp>
        -:  117:    constexpr typename
        -:  118:    conditional<__move_if_noexcept_cond<_Tp>::value, const _Tp&, _Tp&&>::type
        -:  119:    move_if_noexcept(_Tp& __x) noexcept
        -:  120:    { return std::move(__x); }
        -:  121:
        -:  122:  // declval, from type_traits.
        -:  123:
        -:  124:#if __cplusplus > 201402L
        -:  125:  // _GLIBCXX_RESOLVE_LIB_DEFECTS
        -:  126:  // 2296. std::addressof should be constexpr
        -:  127:# define __cpp_lib_addressof_constexpr 201603
        -:  128:#endif
        -:  129:  /**
        -:  130:   *  @brief Returns the actual address of the object or function
        -:  131:   *         referenced by r, even in the presence of an overloaded
        -:  132:   *         operator&.
        -:  133:   *  @param  __r  Reference to an object or function.
        -:  134:   *  @return   The actual address.
        -:  135:  */
        -:  136:  template<typename _Tp>
        -:  137:    inline _GLIBCXX17_CONSTEXPR _Tp*
    #####:  138:    addressof(_Tp& __r) noexcept
    #####:  139:    { return std::__addressof(__r); }
    %%%%%:  139-block  0
        -:  140:
        -:  141:  // _GLIBCXX_RESOLVE_LIB_DEFECTS
        -:  142:  // 2598. addressof works on temporaries
        -:  143:  template<typename _Tp>
        -:  144:    const _Tp* addressof(const _Tp&&) = delete;
        -:  145:
        -:  146:  // C++11 version of std::exchange for internal use.
        -:  147:  template <typename _Tp, typename _Up = _Tp>
        -:  148:    inline _Tp
        -:  149:    __exchange(_Tp& __obj, _Up&& __new_val)
        -:  150:    {
        -:  151:      _Tp __old_val = std::move(__obj);
        -:  152:      __obj = std::forward<_Up>(__new_val);
        -:  153:      return __old_val;
        -:  154:    }
        -:  155:
        -:  156:  /// @} group utilities
        -:  157:
        -:  158:#define _GLIBCXX_MOVE(__val) std::move(__val)
        -:  159:#define _GLIBCXX_FORWARD(_Tp, __val) std::forward<_Tp>(__val)
        -:  160:#else
        -:  161:#define _GLIBCXX_MOVE(__val) (__val)
        -:  162:#define _GLIBCXX_FORWARD(_Tp, __val) (__val)
        -:  163:#endif
        -:  164:
        -:  165:  /**
        -:  166:   *  @addtogroup utilities
        -:  167:   *  @{
        -:  168:   */
        -:  169:
        -:  170:  /**
        -:  171:   *  @brief Swaps two values.
        -:  172:   *  @param  __a  A thing of arbitrary type.
        -:  173:   *  @param  __b  Another thing of arbitrary type.
        -:  174:   *  @return   Nothing.
        -:  175:  */
        -:  176:  template<typename _Tp>
        -:  177:    inline
        -:  178:#if __cplusplus >= 201103L
        -:  179:    typename enable_if<__and_<__not_<__is_tuple_like<_Tp>>,
        -:  180:			      is_move_constructible<_Tp>,
        -:  181:			      is_move_assignable<_Tp>>::value>::type
     964*:  182:    swap(_Tp& __a, _Tp& __b)
        -:  183:    noexcept(__and_<is_nothrow_move_constructible<_Tp>,
        -:  184:	            is_nothrow_move_assignable<_Tp>>::value)
        -:  185:#else
        -:  186:    void
        -:  187:    swap(_Tp& __a, _Tp& __b)
        -:  188:#endif
        -:  189:    {
        -:  190:      // concept requirements
        -:  191:      __glibcxx_function_requires(_SGIAssignableConcept<_Tp>)
        -:  192:
     968*:  193:      _Tp __tmp = _GLIBCXX_MOVE(__a);
     964*:  194:      __a = _GLIBCXX_MOVE(__b);
     964*:  195:      __b = _GLIBCXX_MOVE(__tmp);
     964*:  196:    }
------------------
_ZSt4swapIcENSt9enable_ifIXsrSt6__and_IJSt6__not_ISt15__is_tuple_likeIT_EESt21is_move_constructibleIS4_ESt18is_move_assignableIS4_EEE5valueEvE4typeERS4_SE_:
    #####:  182:    swap(_Tp& __a, _Tp& __b)
        -:  183:    noexcept(__and_<is_nothrow_move_constructible<_Tp>,
        -:  184:	            is_nothrow_move_assignable<_Tp>>::value)
        -:  185:#else
        -:  186:    void
        -:  187:    swap(_Tp& __a, _Tp& __b)
        -:  188:#endif
        -:  189:    {
        -:  190:      // concept requirements
        -:  191:      __glibcxx_function_requires(_SGIAssignableConcept<_Tp>)
        -:  192:
    #####:  193:      _Tp __tmp = _GLIBCXX_MOVE(__a);
    %%%%%:  193-block  0
    #####:  194:      __a = _GLIBCXX_MOVE(__b);
    #####:  195:      __b = _GLIBCXX_MOVE(__tmp);
    #####:  196:    }
------------------
_ZSt4swapISt6localeENSt9enable_ifIXsrSt6__and_IJSt6__not_ISt15__is_tuple_likeIT_EESt21is_move_constructibleIS5_ESt18is_move_assignableIS5_EEE5valueEvE4typeERS5_SF_:
        4:  182:    swap(_Tp& __a, _Tp& __b)
        -:  183:    noexcept(__and_<is_nothrow_move_constructible<_Tp>,
        -:  184:	            is_nothrow_move_assignable<_Tp>>::value)
        -:  185:#else
        -:  186:    void
        -:  187:    swap(_Tp& __a, _Tp& __b)
        -:  188:#endif
        -:  189:    {
        -:  190:      // concept requirements
        -:  191:      __glibcxx_function_requires(_SGIAssignableConcept<_Tp>)
        -:  192:
        8:  193:      _Tp __tmp = _GLIBCXX_MOVE(__a);
        4:  193-block  0
        4:  194:      __a = _GLIBCXX_MOVE(__b);
        4:  195:      __b = _GLIBCXX_MOVE(__tmp);
        4:  196:    }
------------------
_ZSt4swapIlENSt9enable_ifIXsrSt6__and_IJSt6__not_ISt15__is_tuple_likeIT_EESt21is_move_constructibleIS4_ESt18is_move_assignableIS4_EEE5valueEvE4typeERS4_SE_:
    #####:  182:    swap(_Tp& __a, _Tp& __b)
        -:  183:    noexcept(__and_<is_nothrow_move_constructible<_Tp>,
        -:  184:	            is_nothrow_move_assignable<_Tp>>::value)
        -:  185:#else
        -:  186:    void
        -:  187:    swap(_Tp& __a, _Tp& __b)
        -:  188:#endif
        -:  189:    {
        -:  190:      // concept requirements
        -:  191:      __glibcxx_function_requires(_SGIAssignableConcept<_Tp>)
        -:  192:
    #####:  193:      _Tp __tmp = _GLIBCXX_MOVE(__a);
    %%%%%:  193-block  0
    #####:  194:      __a = _GLIBCXX_MOVE(__b);
    #####:  195:      __b = _GLIBCXX_MOVE(__tmp);
    #####:  196:    }
------------------
_ZSt4swapIPFbRKSt9_Any_dataOcEENSt9enable_ifIXsrSt6__and_IJSt6__not_ISt15__is_tuple_likeIT_EESt21is_move_constructibleISA_ESt18is_move_assignableISA_EEE5valueEvE4typeERSA_SK_:
      320:  182:    swap(_Tp& __a, _Tp& __b)
        -:  183:    noexcept(__and_<is_nothrow_move_constructible<_Tp>,
        -:  184:	            is_nothrow_move_assignable<_Tp>>::value)
        -:  185:#else
        -:  186:    void
        -:  187:    swap(_Tp& __a, _Tp& __b)
        -:  188:#endif
        -:  189:    {
        -:  190:      // concept requirements
        -:  191:      __glibcxx_function_requires(_SGIAssignableConcept<_Tp>)
        -:  192:
      320:  193:      _Tp __tmp = _GLIBCXX_MOVE(__a);
      320:  193-block  0
      320:  194:      __a = _GLIBCXX_MOVE(__b);
      320:  195:      __b = _GLIBCXX_MOVE(__tmp);
      320:  196:    }
------------------
_ZSt4swapIPFbRSt9_Any_dataRKS0_St18_Manager_operationEENSt9enable_ifIXsrSt6__and_IJSt6__not_ISt15__is_tuple_likeIT_EESt21is_move_constructibleISB_ESt18is_move_assignableISB_EEE5valueEvE4typeERSB_SL_:
      320:  182:    swap(_Tp& __a, _Tp& __b)
        -:  183:    noexcept(__and_<is_nothrow_move_constructible<_Tp>,
        -:  184:	            is_nothrow_move_assignable<_Tp>>::value)
        -:  185:#else
        -:  186:    void
        -:  187:    swap(_Tp& __a, _Tp& __b)
        -:  188:#endif
        -:  189:    {
        -:  190:      // concept requirements
        -:  191:      __glibcxx_function_requires(_SGIAssignableConcept<_Tp>)
        -:  192:
      320:  193:      _Tp __tmp = _GLIBCXX_MOVE(__a);
      320:  193-block  0
      320:  194:      __a = _GLIBCXX_MOVE(__b);
      320:  195:      __b = _GLIBCXX_MOVE(__tmp);
      320:  196:    }
------------------
_ZSt4swapISt9_Any_dataENSt9enable_ifIXsrSt6__and_IJSt6__not_ISt15__is_tuple_likeIT_EESt21is_move_constructibleIS5_ESt18is_move_assignableIS5_EEE5valueEvE4typeERS5_SF_:
      320:  182:    swap(_Tp& __a, _Tp& __b)
        -:  183:    noexcept(__and_<is_nothrow_move_constructible<_Tp>,
        -:  184:	            is_nothrow_move_assignable<_Tp>>::value)
        -:  185:#else
        -:  186:    void
        -:  187:    swap(_Tp& __a, _Tp& __b)
        -:  188:#endif
        -:  189:    {
        -:  190:      // concept requirements
        -:  191:      __glibcxx_function_requires(_SGIAssignableConcept<_Tp>)
        -:  192:
      320:  193:      _Tp __tmp = _GLIBCXX_MOVE(__a);
      320:  193-block  0
      320:  194:      __a = _GLIBCXX_MOVE(__b);
      320:  195:      __b = _GLIBCXX_MOVE(__tmp);
      320:  196:    }
------------------
        -:  197:
        -:  198:  // _GLIBCXX_RESOLVE_LIB_DEFECTS
        -:  199:  // DR 809. std::swap should be overloaded for array types.
        -:  200:  /// Swap the contents of two arrays.
        -:  201:  template<typename _Tp, size_t _Nm>
        -:  202:    inline
        -:  203:#if __cplusplus >= 201103L
        -:  204:    typename enable_if<__is_swappable<_Tp>::value>::type
        -:  205:    swap(_Tp (&__a)[_Nm], _Tp (&__b)[_Nm])
        -:  206:    noexcept(__is_nothrow_swappable<_Tp>::value)
        -:  207:#else
        -:  208:    void
        -:  209:    swap(_Tp (&__a)[_Nm], _Tp (&__b)[_Nm])
        -:  210:#endif
        -:  211:    {
        -:  212:      for (size_t __n = 0; __n < _Nm; ++__n)
        -:  213:	swap(__a[__n], __b[__n]);
        -:  214:    }
        -:  215:
        -:  216:  /// @} group utilities
        -:  217:_GLIBCXX_END_NAMESPACE_VERSION
        -:  218:} // namespace
        -:  219:
        -:  220:#endif /* _MOVE_H */
