        -:    0:Source:/usr/include/c++/9/bits/stl_construct.h
        -:    0:Graph:/home/minerkow/Рабочий стол/2nd_Course/Matrix/cmake-build-debug/CMakeFiles/test_graph.dir/test/test_graph.gcno
        -:    0:Data:/home/minerkow/Рабочий стол/2nd_Course/Matrix/cmake-build-debug/CMakeFiles/test_graph.dir/test/test_graph.gcda
        -:    0:Runs:2
        -:    1:// nonstandard construct and destroy functions -*- C++ -*-
        -:    2:
        -:    3:// Copyright (C) 2001-2019 Free Software Foundation, Inc.
        -:    4://
        -:    5:// This file is part of the GNU ISO C++ Library.  This library is free
        -:    6:// software; you can redistribute it and/or modify it under the
        -:    7:// terms of the GNU General Public License as published by the
        -:    8:// Free Software Foundation; either version 3, or (at your option)
        -:    9:// any later version.
        -:   10:
        -:   11:// This library is distributed in the hope that it will be useful,
        -:   12:// but WITHOUT ANY WARRANTY; without even the implied warranty of
        -:   13:// MERCHANTABILITY or FITNESS FOR A PARTICULAR PURPOSE.  See the
        -:   14:// GNU General Public License for more details.
        -:   15:
        -:   16:// Under Section 7 of GPL version 3, you are granted additional
        -:   17:// permissions described in the GCC Runtime Library Exception, version
        -:   18:// 3.1, as published by the Free Software Foundation.
        -:   19:
        -:   20:// You should have received a copy of the GNU General Public License and
        -:   21:// a copy of the GCC Runtime Library Exception along with this program;
        -:   22:// see the files COPYING3 and COPYING.RUNTIME respectively.  If not, see
        -:   23:// <http://www.gnu.org/licenses/>.
        -:   24:
        -:   25:/*
        -:   26: *
        -:   27: * Copyright (c) 1994
        -:   28: * Hewlett-Packard Company
        -:   29: *
        -:   30: * Permission to use, copy, modify, distribute and sell this software
        -:   31: * and its documentation for any purpose is hereby granted without fee,
        -:   32: * provided that the above copyright notice appear in all copies and
        -:   33: * that both that copyright notice and this permission notice appear
        -:   34: * in supporting documentation.  Hewlett-Packard Company makes no
        -:   35: * representations about the suitability of this software for any
        -:   36: * purpose.  It is provided "as is" without express or implied warranty.
        -:   37: *
        -:   38: *
        -:   39: * Copyright (c) 1996,1997
        -:   40: * Silicon Graphics Computer Systems, Inc.
        -:   41: *
        -:   42: * Permission to use, copy, modify, distribute and sell this software
        -:   43: * and its documentation for any purpose is hereby granted without fee,
        -:   44: * provided that the above copyright notice appear in all copies and
        -:   45: * that both that copyright notice and this permission notice appear
        -:   46: * in supporting documentation.  Silicon Graphics makes no
        -:   47: * representations about the suitability of this software for any
        -:   48: * purpose.  It is provided "as is" without express or implied warranty.
        -:   49: */
        -:   50:
        -:   51:/** @file bits/stl_construct.h
        -:   52: *  This is an internal header file, included by other library headers.
        -:   53: *  Do not attempt to use it directly. @headername{memory}
        -:   54: */
        -:   55:
        -:   56:#ifndef _STL_CONSTRUCT_H
        -:   57:#define _STL_CONSTRUCT_H 1
        -:   58:
        -:   59:#include <new>
        -:   60:#include <bits/move.h>
        -:   61:#include <ext/alloc_traits.h>
        -:   62:
        -:   63:namespace std _GLIBCXX_VISIBILITY(default)
        -:   64:{
        -:   65:_GLIBCXX_BEGIN_NAMESPACE_VERSION
        -:   66:
        -:   67:  /**
        -:   68:   * Constructs an object in existing memory by invoking an allocated
        -:   69:   * object's constructor with an initializer.
        -:   70:   */
        -:   71:#if __cplusplus >= 201103L
        -:   72:  template<typename _T1, typename... _Args>
        -:   73:    inline void
    2004*:   74:    _Construct(_T1* __p, _Args&&... __args)
    2004*:   75:    { ::new(static_cast<void*>(__p)) _T1(std::forward<_Args>(__args)...); }
------------------
_ZSt10_ConstructISt4pairIlSt6vectorINSt7__cxx119sub_matchIPKcEESaIS6_EEEJS9_EEvPT_DpOT0_:
    #####:   74:    _Construct(_T1* __p, _Args&&... __args)
    #####:   75:    { ::new(static_cast<void*>(__p)) _T1(std::forward<_Args>(__args)...); }
    %%%%%:   75-block  0
------------------
_ZSt10_ConstructISt6vectorIdSaIdEEJRKS2_EEvPT_DpOT0_:
       12:   74:    _Construct(_T1* __p, _Args&&... __args)
       12:   75:    { ::new(static_cast<void*>(__p)) _T1(std::forward<_Args>(__args)...); }
       12:   75-block  0
       12:   75-block  1
    $$$$$:   75-block  2
------------------
_ZSt10_ConstructISt6vectorIiSaIiEEJRKS2_EEvPT_DpOT0_:
        4:   74:    _Construct(_T1* __p, _Args&&... __args)
        4:   75:    { ::new(static_cast<void*>(__p)) _T1(std::forward<_Args>(__args)...); }
        4:   75-block  0
        4:   75-block  1
    $$$$$:   75-block  2
------------------
_ZSt10_ConstructISt4pairIS0_ImmES0_IddEEJS3_EEvPT_DpOT0_:
    #####:   74:    _Construct(_T1* __p, _Args&&... __args)
    #####:   75:    { ::new(static_cast<void*>(__p)) _T1(std::forward<_Args>(__args)...); }
    %%%%%:   75-block  0
------------------
_ZSt10_ConstructISt4pairIS0_ImmEdEJS2_EEvPT_DpOT0_:
    #####:   74:    _Construct(_T1* __p, _Args&&... __args)
    #####:   75:    { ::new(static_cast<void*>(__p)) _T1(std::forward<_Args>(__args)...); }
    %%%%%:   75-block  0
------------------
_ZSt10_ConstructINSt7__cxx119sub_matchIPKcEEJEEvPT_DpOT0_:
       56:   74:    _Construct(_T1* __p, _Args&&... __args)
       56:   75:    { ::new(static_cast<void*>(__p)) _T1(std::forward<_Args>(__args)...); }
       56:   75-block  0
------------------
_ZSt10_ConstructISt4pairIPKciEJEEvPT_DpOT0_:
     1200:   74:    _Construct(_T1* __p, _Args&&... __args)
     1200:   75:    { ::new(static_cast<void*>(__p)) _T1(std::forward<_Args>(__args)...); }
     1200:   75-block  0
------------------
_ZSt10_ConstructINSt7__cxx119sub_matchIPKcEEJS4_EEvPT_DpOT0_:
    #####:   74:    _Construct(_T1* __p, _Args&&... __args)
    #####:   75:    { ::new(static_cast<void*>(__p)) _T1(std::forward<_Args>(__args)...); }
    %%%%%:   75-block  0
------------------
_ZSt10_ConstructINSt7__cxx119sub_matchIPKcEEJRS4_EEvPT_DpOT0_:
    #####:   74:    _Construct(_T1* __p, _Args&&... __args)
    #####:   75:    { ::new(static_cast<void*>(__p)) _T1(std::forward<_Args>(__args)...); }
    %%%%%:   75-block  0
------------------
_ZSt10_ConstructINSt7__cxx119sub_matchIPKcEEJRKS4_EEvPT_DpOT0_:
      224:   74:    _Construct(_T1* __p, _Args&&... __args)
      224:   75:    { ::new(static_cast<void*>(__p)) _T1(std::forward<_Args>(__args)...); }
      224:   75-block  0
------------------
_ZSt10_ConstructISt4pairINSt7__cxx1112basic_stringIcSt11char_traitsIcESaIcEEES6_EJS7_EEvPT_DpOT0_:
    #####:   74:    _Construct(_T1* __p, _Args&&... __args)
    #####:   75:    { ::new(static_cast<void*>(__p)) _T1(std::forward<_Args>(__args)...); }
    %%%%%:   75-block  0
------------------
_ZSt10_ConstructINSt8__detail6_StateIcEEJRKS2_EEvPT_DpOT0_:
      508:   74:    _Construct(_T1* __p, _Args&&... __args)
      508:   75:    { ::new(static_cast<void*>(__p)) _T1(std::forward<_Args>(__args)...); }
      508:   75-block  0
      508:   75-block  1
    $$$$$:   75-block  2
------------------
_ZSt10_ConstructINSt7__cxx1112regex_traitsIcE10_RegexMaskEJS3_EEvPT_DpOT0_:
    #####:   74:    _Construct(_T1* __p, _Args&&... __args)
    #####:   75:    { ::new(static_cast<void*>(__p)) _T1(std::forward<_Args>(__args)...); }
    %%%%%:   75-block  0
------------------
_ZSt10_ConstructINSt7__cxx1112basic_stringIcSt11char_traitsIcESaIcEEEJRKS5_EEvPT_DpOT0_:
    #####:   74:    _Construct(_T1* __p, _Args&&... __args)
    #####:   75:    { ::new(static_cast<void*>(__p)) _T1(std::forward<_Args>(__args)...); }
    %%%%%:   75-block  0
    %%%%%:   75-block  1
    $$$$$:   75-block  2
------------------
_ZSt10_ConstructISt4pairIccEJRKS1_EEvPT_DpOT0_:
    #####:   74:    _Construct(_T1* __p, _Args&&... __args)
    #####:   75:    { ::new(static_cast<void*>(__p)) _T1(std::forward<_Args>(__args)...); }
    %%%%%:   75-block  0
------------------
_ZSt10_ConstructINSt7__cxx1112regex_traitsIcE10_RegexMaskEJRKS3_EEvPT_DpOT0_:
    #####:   74:    _Construct(_T1* __p, _Args&&... __args)
    #####:   75:    { ::new(static_cast<void*>(__p)) _T1(std::forward<_Args>(__args)...); }
    %%%%%:   75-block  0
------------------
_ZSt10_ConstructISt4pairINSt7__cxx1112basic_stringIcSt11char_traitsIcESaIcEEES6_EJRKS7_EEvPT_DpOT0_:
    #####:   74:    _Construct(_T1* __p, _Args&&... __args)
    #####:   75:    { ::new(static_cast<void*>(__p)) _T1(std::forward<_Args>(__args)...); }
    %%%%%:   75-block  0
    %%%%%:   75-block  1
    $$$$$:   75-block  2
------------------
_ZSt10_ConstructINSt7__cxx1112basic_stringIcSt11char_traitsIcESaIcEEEJS5_EEvPT_DpOT0_:
    #####:   74:    _Construct(_T1* __p, _Args&&... __args)
    #####:   75:    { ::new(static_cast<void*>(__p)) _T1(std::forward<_Args>(__args)...); }
    %%%%%:   75-block  0
------------------
_ZSt10_ConstructISt4pairIccEJS1_EEvPT_DpOT0_:
    #####:   74:    _Construct(_T1* __p, _Args&&... __args)
    #####:   75:    { ::new(static_cast<void*>(__p)) _T1(std::forward<_Args>(__args)...); }
    %%%%%:   75-block  0
------------------
        -:   76:#else
        -:   77:  template<typename _T1, typename _T2>
        -:   78:    inline void
        -:   79:    _Construct(_T1* __p, const _T2& __value)
        -:   80:    {
        -:   81:      // _GLIBCXX_RESOLVE_LIB_DEFECTS
        -:   82:      // 402. wrong new expression in [some_]allocator::construct
        -:   83:      ::new(static_cast<void*>(__p)) _T1(__value);
        -:   84:    }
        -:   85:#endif
        -:   86:
        -:   87:  template<typename _T1>
        -:   88:    inline void
        -:   89:    _Construct_novalue(_T1* __p)
        -:   90:    { ::new(static_cast<void*>(__p)) _T1; }
        -:   91:
        -:   92:  /**
        -:   93:   * Destroy the object pointed to by a pointer type.
        -:   94:   */
        -:   95:  template<typename _Tp>
        -:   96:    inline void
     826*:   97:    _Destroy(_Tp* __pointer)
     826*:   98:    { __pointer->~_Tp(); }
------------------
_ZSt8_DestroyISt4pairINSt7__cxx1112basic_stringIcSt11char_traitsIcESaIcEEES6_EEvPT_:
    #####:   97:    _Destroy(_Tp* __pointer)
    #####:   98:    { __pointer->~_Tp(); }
    %%%%%:   98-block  0
------------------
_ZSt8_DestroyINSt7__cxx1112basic_stringIcSt11char_traitsIcESaIcEEEEvPT_:
        2:   97:    _Destroy(_Tp* __pointer)
        2:   98:    { __pointer->~_Tp(); }
        2:   98-block  0
------------------
_ZSt8_DestroyINSt8__detail6_StateIcEEEvPT_:
      808:   97:    _Destroy(_Tp* __pointer)
      808:   98:    { __pointer->~_Tp(); }
      808:   98-block  0
------------------
_ZSt8_DestroyISt4pairIlSt6vectorINSt7__cxx119sub_matchIPKcEESaIS6_EEEEvPT_:
    #####:   97:    _Destroy(_Tp* __pointer)
    #####:   98:    { __pointer->~_Tp(); }
    %%%%%:   98-block  0
------------------
_ZSt8_DestroyISt6vectorIiSaIiEEEvPT_:
        4:   97:    _Destroy(_Tp* __pointer)
        4:   98:    { __pointer->~_Tp(); }
        4:   98-block  0
------------------
_ZSt8_DestroyISt6vectorIdSaIdEEEvPT_:
       12:   97:    _Destroy(_Tp* __pointer)
       12:   98:    { __pointer->~_Tp(); }
       12:   98-block  0
------------------
        -:   99:
        -:  100:  template<bool>
        -:  101:    struct _Destroy_aux
        -:  102:    {
        -:  103:      template<typename _ForwardIterator>
        -:  104:        static void
    1202*:  105:        __destroy(_ForwardIterator __first, _ForwardIterator __last)
        -:  106:	{
    1202*:  107:	  for (; __first != __last; ++__first)
     826*:  108:	    std::_Destroy(std::__addressof(*__first));
     376*:  109:	}
------------------
_ZNSt12_Destroy_auxILb0EE9__destroyIPSt4pairINSt7__cxx1112basic_stringIcSt11char_traitsIcESaIcEEES8_EEEvT_SB_:
    #####:  105:        __destroy(_ForwardIterator __first, _ForwardIterator __last)
        -:  106:	{
    #####:  107:	  for (; __first != __last; ++__first)
    %%%%%:  107-block  0
    #####:  108:	    std::_Destroy(std::__addressof(*__first));
    %%%%%:  108-block  0
    #####:  109:	}
------------------
_ZNSt12_Destroy_auxILb0EE9__destroyIPNSt7__cxx1112basic_stringIcSt11char_traitsIcESaIcEEEEEvT_S9_:
      336:  105:        __destroy(_ForwardIterator __first, _ForwardIterator __last)
        -:  106:	{
      336:  107:	  for (; __first != __last; ++__first)
      336:  107-block  0
        2:  108:	    std::_Destroy(std::__addressof(*__first));
        2:  108-block  0
      334:  109:	}
------------------
_ZNSt12_Destroy_auxILb0EE9__destroyIPNSt8__detail6_StateIcEEEEvT_S6_:
      844:  105:        __destroy(_ForwardIterator __first, _ForwardIterator __last)
        -:  106:	{
      844:  107:	  for (; __first != __last; ++__first)
      844:  107-block  0
      808:  108:	    std::_Destroy(std::__addressof(*__first));
      808:  108-block  0
       36:  109:	}
------------------
_ZNSt12_Destroy_auxILb0EE9__destroyIPSt4pairIlSt6vectorINSt7__cxx119sub_matchIPKcEESaIS8_EEEEEvT_SD_:
    #####:  105:        __destroy(_ForwardIterator __first, _ForwardIterator __last)
        -:  106:	{
    #####:  107:	  for (; __first != __last; ++__first)
    %%%%%:  107-block  0
    #####:  108:	    std::_Destroy(std::__addressof(*__first));
    %%%%%:  108-block  0
    #####:  109:	}
------------------
_ZNSt12_Destroy_auxILb0EE9__destroyIPSt6vectorIiSaIiEEEEvT_S6_:
        6:  105:        __destroy(_ForwardIterator __first, _ForwardIterator __last)
        -:  106:	{
        6:  107:	  for (; __first != __last; ++__first)
        6:  107-block  0
        4:  108:	    std::_Destroy(std::__addressof(*__first));
        4:  108-block  0
        2:  109:	}
------------------
_ZNSt12_Destroy_auxILb0EE9__destroyIPSt6vectorIdSaIdEEEEvT_S6_:
       16:  105:        __destroy(_ForwardIterator __first, _ForwardIterator __last)
        -:  106:	{
       16:  107:	  for (; __first != __last; ++__first)
       16:  107-block  0
       12:  108:	    std::_Destroy(std::__addressof(*__first));
       12:  108-block  0
        4:  109:	}
------------------
        -:  110:    };
        -:  111:
        -:  112:  template<>
        -:  113:    struct _Destroy_aux<true>
        -:  114:    {
        -:  115:      template<typename _ForwardIterator>
        -:  116:        static void
   18122*:  117:        __destroy(_ForwardIterator, _ForwardIterator) { }
------------------
_ZNSt12_Destroy_auxILb1EE9__destroyIPNSt7__cxx1112regex_traitsIcE10_RegexMaskEEEvT_S7_:
      332:  117:        __destroy(_ForwardIterator, _ForwardIterator) { }
------------------
_ZNSt12_Destroy_auxILb1EE9__destroyIPSt4pairIccEEEvT_S5_:
      332:  117:        __destroy(_ForwardIterator, _ForwardIterator) { }
------------------
_ZNSt12_Destroy_auxILb1EE9__destroyIPcEEvT_S3_:
    17336:  117:        __destroy(_ForwardIterator, _ForwardIterator) { }
------------------
_ZNSt12_Destroy_auxILb1EE9__destroyIN9__gnu_cxx17__normal_iteratorIPNSt7__cxx119sub_matchIPKcEESt6vectorIS8_SaIS8_EEEEEEvT_SE_:
       16:  117:        __destroy(_ForwardIterator, _ForwardIterator) { }
------------------
_ZNSt12_Destroy_auxILb1EE9__destroyIPSt4pairIPKciEEEvT_S7_:
       16:  117:        __destroy(_ForwardIterator, _ForwardIterator) { }
------------------
_ZNSt12_Destroy_auxILb1EE9__destroyIPiEEvT_S3_:
        8:  117:        __destroy(_ForwardIterator, _ForwardIterator) { }
------------------
_ZNSt12_Destroy_auxILb1EE9__destroyIPSt4pairIS2_ImmEdEEEvT_S6_:
    #####:  117:        __destroy(_ForwardIterator, _ForwardIterator) { }
------------------
_ZNSt12_Destroy_auxILb1EE9__destroyIPSt4pairIS2_ImmES2_IddEEEEvT_S7_:
        4:  117:        __destroy(_ForwardIterator, _ForwardIterator) { }
------------------
_ZNSt12_Destroy_auxILb1EE9__destroyIPNSt7__cxx119sub_matchIPKcEEEEvT_S8_:
       36:  117:        __destroy(_ForwardIterator, _ForwardIterator) { }
------------------
_ZNSt12_Destroy_auxILb1EE9__destroyIPdEEvT_S3_:
       38:  117:        __destroy(_ForwardIterator, _ForwardIterator) { }
------------------
_ZNSt12_Destroy_auxILb1EE9__destroyIPmEEvT_S3_:
        4:  117:        __destroy(_ForwardIterator, _ForwardIterator) { }
------------------
        -:  118:    };
        -:  119:
        -:  120:  /**
        -:  121:   * Destroy a range of objects.  If the value_type of the object has
        -:  122:   * a trivial destructor, the compiler should optimize all of this
        -:  123:   * away, otherwise the objects' destructors must be invoked.
        -:  124:   */
        -:  125:  template<typename _ForwardIterator>
        -:  126:    inline void
   18498*:  127:    _Destroy(_ForwardIterator __first, _ForwardIterator __last)
        -:  128:    {
        -:  129:      typedef typename iterator_traits<_ForwardIterator>::value_type
        -:  130:                       _Value_type;
        -:  131:#if __cplusplus >= 201103L
        -:  132:      // A deleted destructor is trivial, this ensures we reject such types:
        -:  133:      static_assert(is_destructible<_Value_type>::value,
        -:  134:		    "value type is destructible");
        -:  135:#endif
        -:  136:      std::_Destroy_aux<__has_trivial_destructor(_Value_type)>::
   18498*:  137:	__destroy(__first, __last);
   18498*:  138:    }
------------------
_ZSt8_DestroyIPSt4pairIPKciEEvT_S5_:
       16:  127:    _Destroy(_ForwardIterator __first, _ForwardIterator __last)
        -:  128:    {
        -:  129:      typedef typename iterator_traits<_ForwardIterator>::value_type
        -:  130:                       _Value_type;
        -:  131:#if __cplusplus >= 201103L
        -:  132:      // A deleted destructor is trivial, this ensures we reject such types:
        -:  133:      static_assert(is_destructible<_Value_type>::value,
        -:  134:		    "value type is destructible");
        -:  135:#endif
        -:  136:      std::_Destroy_aux<__has_trivial_destructor(_Value_type)>::
       16:  137:	__destroy(__first, __last);
       16:  137-block  0
       16:  138:    }
------------------
_ZSt8_DestroyIPmEvT_S1_:
        4:  127:    _Destroy(_ForwardIterator __first, _ForwardIterator __last)
        -:  128:    {
        -:  129:      typedef typename iterator_traits<_ForwardIterator>::value_type
        -:  130:                       _Value_type;
        -:  131:#if __cplusplus >= 201103L
        -:  132:      // A deleted destructor is trivial, this ensures we reject such types:
        -:  133:      static_assert(is_destructible<_Value_type>::value,
        -:  134:		    "value type is destructible");
        -:  135:#endif
        -:  136:      std::_Destroy_aux<__has_trivial_destructor(_Value_type)>::
        4:  137:	__destroy(__first, __last);
        4:  137-block  0
        4:  138:    }
------------------
_ZSt8_DestroyIPdEvT_S1_:
       38:  127:    _Destroy(_ForwardIterator __first, _ForwardIterator __last)
        -:  128:    {
        -:  129:      typedef typename iterator_traits<_ForwardIterator>::value_type
        -:  130:                       _Value_type;
        -:  131:#if __cplusplus >= 201103L
        -:  132:      // A deleted destructor is trivial, this ensures we reject such types:
        -:  133:      static_assert(is_destructible<_Value_type>::value,
        -:  134:		    "value type is destructible");
        -:  135:#endif
        -:  136:      std::_Destroy_aux<__has_trivial_destructor(_Value_type)>::
       38:  137:	__destroy(__first, __last);
       38:  137-block  0
       38:  138:    }
------------------
_ZSt8_DestroyIPNSt7__cxx119sub_matchIPKcEEEvT_S6_:
       36:  127:    _Destroy(_ForwardIterator __first, _ForwardIterator __last)
        -:  128:    {
        -:  129:      typedef typename iterator_traits<_ForwardIterator>::value_type
        -:  130:                       _Value_type;
        -:  131:#if __cplusplus >= 201103L
        -:  132:      // A deleted destructor is trivial, this ensures we reject such types:
        -:  133:      static_assert(is_destructible<_Value_type>::value,
        -:  134:		    "value type is destructible");
        -:  135:#endif
        -:  136:      std::_Destroy_aux<__has_trivial_destructor(_Value_type)>::
       36:  137:	__destroy(__first, __last);
       36:  137-block  0
       36:  138:    }
------------------
_ZSt8_DestroyIPSt4pairIS0_ImmES0_IddEEEvT_S5_:
        4:  127:    _Destroy(_ForwardIterator __first, _ForwardIterator __last)
        -:  128:    {
        -:  129:      typedef typename iterator_traits<_ForwardIterator>::value_type
        -:  130:                       _Value_type;
        -:  131:#if __cplusplus >= 201103L
        -:  132:      // A deleted destructor is trivial, this ensures we reject such types:
        -:  133:      static_assert(is_destructible<_Value_type>::value,
        -:  134:		    "value type is destructible");
        -:  135:#endif
        -:  136:      std::_Destroy_aux<__has_trivial_destructor(_Value_type)>::
        4:  137:	__destroy(__first, __last);
        4:  137-block  0
        4:  138:    }
------------------
_ZSt8_DestroyIPSt4pairIS0_ImmEdEEvT_S4_:
    #####:  127:    _Destroy(_ForwardIterator __first, _ForwardIterator __last)
        -:  128:    {
        -:  129:      typedef typename iterator_traits<_ForwardIterator>::value_type
        -:  130:                       _Value_type;
        -:  131:#if __cplusplus >= 201103L
        -:  132:      // A deleted destructor is trivial, this ensures we reject such types:
        -:  133:      static_assert(is_destructible<_Value_type>::value,
        -:  134:		    "value type is destructible");
        -:  135:#endif
        -:  136:      std::_Destroy_aux<__has_trivial_destructor(_Value_type)>::
    #####:  137:	__destroy(__first, __last);
    %%%%%:  137-block  0
    #####:  138:    }
------------------
_ZSt8_DestroyIPSt6vectorIdSaIdEEEvT_S4_:
        4:  127:    _Destroy(_ForwardIterator __first, _ForwardIterator __last)
        -:  128:    {
        -:  129:      typedef typename iterator_traits<_ForwardIterator>::value_type
        -:  130:                       _Value_type;
        -:  131:#if __cplusplus >= 201103L
        -:  132:      // A deleted destructor is trivial, this ensures we reject such types:
        -:  133:      static_assert(is_destructible<_Value_type>::value,
        -:  134:		    "value type is destructible");
        -:  135:#endif
        -:  136:      std::_Destroy_aux<__has_trivial_destructor(_Value_type)>::
        4:  137:	__destroy(__first, __last);
        4:  137-block  0
        4:  138:    }
------------------
_ZSt8_DestroyIPiEvT_S1_:
        8:  127:    _Destroy(_ForwardIterator __first, _ForwardIterator __last)
        -:  128:    {
        -:  129:      typedef typename iterator_traits<_ForwardIterator>::value_type
        -:  130:                       _Value_type;
        -:  131:#if __cplusplus >= 201103L
        -:  132:      // A deleted destructor is trivial, this ensures we reject such types:
        -:  133:      static_assert(is_destructible<_Value_type>::value,
        -:  134:		    "value type is destructible");
        -:  135:#endif
        -:  136:      std::_Destroy_aux<__has_trivial_destructor(_Value_type)>::
        8:  137:	__destroy(__first, __last);
        8:  137-block  0
        8:  138:    }
------------------
_ZSt8_DestroyIPSt6vectorIiSaIiEEEvT_S4_:
        2:  127:    _Destroy(_ForwardIterator __first, _ForwardIterator __last)
        -:  128:    {
        -:  129:      typedef typename iterator_traits<_ForwardIterator>::value_type
        -:  130:                       _Value_type;
        -:  131:#if __cplusplus >= 201103L
        -:  132:      // A deleted destructor is trivial, this ensures we reject such types:
        -:  133:      static_assert(is_destructible<_Value_type>::value,
        -:  134:		    "value type is destructible");
        -:  135:#endif
        -:  136:      std::_Destroy_aux<__has_trivial_destructor(_Value_type)>::
        2:  137:	__destroy(__first, __last);
        2:  137-block  0
        2:  138:    }
------------------
_ZSt8_DestroyIPSt4pairINSt7__cxx1112basic_stringIcSt11char_traitsIcESaIcEEES6_EEvT_S9_:
    #####:  127:    _Destroy(_ForwardIterator __first, _ForwardIterator __last)
        -:  128:    {
        -:  129:      typedef typename iterator_traits<_ForwardIterator>::value_type
        -:  130:                       _Value_type;
        -:  131:#if __cplusplus >= 201103L
        -:  132:      // A deleted destructor is trivial, this ensures we reject such types:
        -:  133:      static_assert(is_destructible<_Value_type>::value,
        -:  134:		    "value type is destructible");
        -:  135:#endif
        -:  136:      std::_Destroy_aux<__has_trivial_destructor(_Value_type)>::
    #####:  137:	__destroy(__first, __last);
    %%%%%:  137-block  0
    #####:  138:    }
------------------
_ZSt8_DestroyIPSt4pairIlSt6vectorINSt7__cxx119sub_matchIPKcEESaIS6_EEEEvT_SB_:
    #####:  127:    _Destroy(_ForwardIterator __first, _ForwardIterator __last)
        -:  128:    {
        -:  129:      typedef typename iterator_traits<_ForwardIterator>::value_type
        -:  130:                       _Value_type;
        -:  131:#if __cplusplus >= 201103L
        -:  132:      // A deleted destructor is trivial, this ensures we reject such types:
        -:  133:      static_assert(is_destructible<_Value_type>::value,
        -:  134:		    "value type is destructible");
        -:  135:#endif
        -:  136:      std::_Destroy_aux<__has_trivial_destructor(_Value_type)>::
    #####:  137:	__destroy(__first, __last);
    %%%%%:  137-block  0
    #####:  138:    }
------------------
_ZSt8_DestroyIN9__gnu_cxx17__normal_iteratorIPNSt7__cxx119sub_matchIPKcEESt6vectorIS6_SaIS6_EEEEEvT_SC_:
       16:  127:    _Destroy(_ForwardIterator __first, _ForwardIterator __last)
        -:  128:    {
        -:  129:      typedef typename iterator_traits<_ForwardIterator>::value_type
        -:  130:                       _Value_type;
        -:  131:#if __cplusplus >= 201103L
        -:  132:      // A deleted destructor is trivial, this ensures we reject such types:
        -:  133:      static_assert(is_destructible<_Value_type>::value,
        -:  134:		    "value type is destructible");
        -:  135:#endif
        -:  136:      std::_Destroy_aux<__has_trivial_destructor(_Value_type)>::
       16:  137:	__destroy(__first, __last);
       16:  137-block  0
       16:  138:    }
------------------
_ZSt8_DestroyIPNSt8__detail6_StateIcEEEvT_S4_:
       36:  127:    _Destroy(_ForwardIterator __first, _ForwardIterator __last)
        -:  128:    {
        -:  129:      typedef typename iterator_traits<_ForwardIterator>::value_type
        -:  130:                       _Value_type;
        -:  131:#if __cplusplus >= 201103L
        -:  132:      // A deleted destructor is trivial, this ensures we reject such types:
        -:  133:      static_assert(is_destructible<_Value_type>::value,
        -:  134:		    "value type is destructible");
        -:  135:#endif
        -:  136:      std::_Destroy_aux<__has_trivial_destructor(_Value_type)>::
       36:  137:	__destroy(__first, __last);
       36:  137-block  0
       36:  138:    }
------------------
_ZSt8_DestroyIPcEvT_S1_:
    17336:  127:    _Destroy(_ForwardIterator __first, _ForwardIterator __last)
        -:  128:    {
        -:  129:      typedef typename iterator_traits<_ForwardIterator>::value_type
        -:  130:                       _Value_type;
        -:  131:#if __cplusplus >= 201103L
        -:  132:      // A deleted destructor is trivial, this ensures we reject such types:
        -:  133:      static_assert(is_destructible<_Value_type>::value,
        -:  134:		    "value type is destructible");
        -:  135:#endif
        -:  136:      std::_Destroy_aux<__has_trivial_destructor(_Value_type)>::
    17336:  137:	__destroy(__first, __last);
    17336:  137-block  0
    17336:  138:    }
------------------
_ZSt8_DestroyIPNSt7__cxx1112basic_stringIcSt11char_traitsIcESaIcEEEEvT_S7_:
      334:  127:    _Destroy(_ForwardIterator __first, _ForwardIterator __last)
        -:  128:    {
        -:  129:      typedef typename iterator_traits<_ForwardIterator>::value_type
        -:  130:                       _Value_type;
        -:  131:#if __cplusplus >= 201103L
        -:  132:      // A deleted destructor is trivial, this ensures we reject such types:
        -:  133:      static_assert(is_destructible<_Value_type>::value,
        -:  134:		    "value type is destructible");
        -:  135:#endif
        -:  136:      std::_Destroy_aux<__has_trivial_destructor(_Value_type)>::
      334:  137:	__destroy(__first, __last);
      334:  137-block  0
      334:  138:    }
------------------
_ZSt8_DestroyIPSt4pairIccEEvT_S3_:
      332:  127:    _Destroy(_ForwardIterator __first, _ForwardIterator __last)
        -:  128:    {
        -:  129:      typedef typename iterator_traits<_ForwardIterator>::value_type
        -:  130:                       _Value_type;
        -:  131:#if __cplusplus >= 201103L
        -:  132:      // A deleted destructor is trivial, this ensures we reject such types:
        -:  133:      static_assert(is_destructible<_Value_type>::value,
        -:  134:		    "value type is destructible");
        -:  135:#endif
        -:  136:      std::_Destroy_aux<__has_trivial_destructor(_Value_type)>::
      332:  137:	__destroy(__first, __last);
      332:  137-block  0
      332:  138:    }
------------------
_ZSt8_DestroyIPNSt7__cxx1112regex_traitsIcE10_RegexMaskEEvT_S5_:
      332:  127:    _Destroy(_ForwardIterator __first, _ForwardIterator __last)
        -:  128:    {
        -:  129:      typedef typename iterator_traits<_ForwardIterator>::value_type
        -:  130:                       _Value_type;
        -:  131:#if __cplusplus >= 201103L
        -:  132:      // A deleted destructor is trivial, this ensures we reject such types:
        -:  133:      static_assert(is_destructible<_Value_type>::value,
        -:  134:		    "value type is destructible");
        -:  135:#endif
        -:  136:      std::_Destroy_aux<__has_trivial_destructor(_Value_type)>::
      332:  137:	__destroy(__first, __last);
      332:  137-block  0
      332:  138:    }
------------------
        -:  139:
        -:  140:  template<bool>
        -:  141:    struct _Destroy_n_aux
        -:  142:    {
        -:  143:      template<typename _ForwardIterator, typename _Size>
        -:  144:        static _ForwardIterator
        -:  145:        __destroy_n(_ForwardIterator __first, _Size __count)
        -:  146:	{
        -:  147:	  for (; __count > 0; (void)++__first, --__count)
        -:  148:	    std::_Destroy(std::__addressof(*__first));
        -:  149:	  return __first;
        -:  150:	}
        -:  151:    };
        -:  152:
        -:  153:  template<>
        -:  154:    struct _Destroy_n_aux<true>
        -:  155:    {
        -:  156:      template<typename _ForwardIterator, typename _Size>
        -:  157:        static _ForwardIterator
        -:  158:        __destroy_n(_ForwardIterator __first, _Size __count)
        -:  159:	{
        -:  160:	  std::advance(__first, __count);
        -:  161:	  return __first;
        -:  162:	}
        -:  163:    };
        -:  164:
        -:  165:  /**
        -:  166:   * Destroy a range of objects.  If the value_type of the object has
        -:  167:   * a trivial destructor, the compiler should optimize all of this
        -:  168:   * away, otherwise the objects' destructors must be invoked.
        -:  169:   */
        -:  170:  template<typename _ForwardIterator, typename _Size>
        -:  171:    inline _ForwardIterator
        -:  172:    _Destroy_n(_ForwardIterator __first, _Size __count)
        -:  173:    {
        -:  174:      typedef typename iterator_traits<_ForwardIterator>::value_type
        -:  175:                       _Value_type;
        -:  176:#if __cplusplus >= 201103L
        -:  177:      // A deleted destructor is trivial, this ensures we reject such types:
        -:  178:      static_assert(is_destructible<_Value_type>::value,
        -:  179:		    "value type is destructible");
        -:  180:#endif
        -:  181:      return std::_Destroy_n_aux<__has_trivial_destructor(_Value_type)>::
        -:  182:	__destroy_n(__first, __count);
        -:  183:    }
        -:  184:
        -:  185:  /**
        -:  186:   * Destroy a range of objects using the supplied allocator.  For
        -:  187:   * nondefault allocators we do not optimize away invocation of 
        -:  188:   * destroy() even if _Tp has a trivial destructor.
        -:  189:   */
        -:  190:
        -:  191:  template<typename _ForwardIterator, typename _Allocator>
        -:  192:    void
        -:  193:    _Destroy(_ForwardIterator __first, _ForwardIterator __last,
        -:  194:	     _Allocator& __alloc)
        -:  195:    {
        -:  196:      typedef __gnu_cxx::__alloc_traits<_Allocator> __traits;
        -:  197:      for (; __first != __last; ++__first)
        -:  198:	__traits::destroy(__alloc, std::__addressof(*__first));
        -:  199:    }
        -:  200:
        -:  201:  template<typename _ForwardIterator, typename _Tp>
        -:  202:    inline void
   18498*:  203:    _Destroy(_ForwardIterator __first, _ForwardIterator __last,
        -:  204:	     allocator<_Tp>&)
        -:  205:    {
   18498*:  206:      _Destroy(__first, __last);
   18498*:  207:    }
------------------
_ZSt8_DestroyIPSt4pairIPKciES3_EvT_S5_RSaIT0_E:
       16:  203:    _Destroy(_ForwardIterator __first, _ForwardIterator __last,
        -:  204:	     allocator<_Tp>&)
        -:  205:    {
       16:  206:      _Destroy(__first, __last);
       16:  206-block  0
       16:  207:    }
------------------
_ZSt8_DestroyIPmmEvT_S1_RSaIT0_E:
        4:  203:    _Destroy(_ForwardIterator __first, _ForwardIterator __last,
        -:  204:	     allocator<_Tp>&)
        -:  205:    {
        4:  206:      _Destroy(__first, __last);
        4:  206-block  0
        4:  207:    }
------------------
_ZSt8_DestroyIPddEvT_S1_RSaIT0_E:
       38:  203:    _Destroy(_ForwardIterator __first, _ForwardIterator __last,
        -:  204:	     allocator<_Tp>&)
        -:  205:    {
       38:  206:      _Destroy(__first, __last);
       38:  206-block  0
       38:  207:    }
------------------
_ZSt8_DestroyIPNSt7__cxx119sub_matchIPKcEES4_EvT_S6_RSaIT0_E:
       36:  203:    _Destroy(_ForwardIterator __first, _ForwardIterator __last,
        -:  204:	     allocator<_Tp>&)
        -:  205:    {
       36:  206:      _Destroy(__first, __last);
       36:  206-block  0
       36:  207:    }
------------------
_ZSt8_DestroyIPSt4pairIS0_ImmES0_IddEES3_EvT_S5_RSaIT0_E:
        4:  203:    _Destroy(_ForwardIterator __first, _ForwardIterator __last,
        -:  204:	     allocator<_Tp>&)
        -:  205:    {
        4:  206:      _Destroy(__first, __last);
        4:  206-block  0
        4:  207:    }
------------------
_ZSt8_DestroyIPSt4pairIS0_ImmEdES2_EvT_S4_RSaIT0_E:
    #####:  203:    _Destroy(_ForwardIterator __first, _ForwardIterator __last,
        -:  204:	     allocator<_Tp>&)
        -:  205:    {
    #####:  206:      _Destroy(__first, __last);
    %%%%%:  206-block  0
    #####:  207:    }
------------------
_ZSt8_DestroyIPSt6vectorIdSaIdEES2_EvT_S4_RSaIT0_E:
        4:  203:    _Destroy(_ForwardIterator __first, _ForwardIterator __last,
        -:  204:	     allocator<_Tp>&)
        -:  205:    {
        4:  206:      _Destroy(__first, __last);
        4:  206-block  0
        4:  207:    }
------------------
_ZSt8_DestroyIPiiEvT_S1_RSaIT0_E:
        8:  203:    _Destroy(_ForwardIterator __first, _ForwardIterator __last,
        -:  204:	     allocator<_Tp>&)
        -:  205:    {
        8:  206:      _Destroy(__first, __last);
        8:  206-block  0
        8:  207:    }
------------------
_ZSt8_DestroyIPSt6vectorIiSaIiEES2_EvT_S4_RSaIT0_E:
        2:  203:    _Destroy(_ForwardIterator __first, _ForwardIterator __last,
        -:  204:	     allocator<_Tp>&)
        -:  205:    {
        2:  206:      _Destroy(__first, __last);
        2:  206-block  0
        2:  207:    }
------------------
_ZSt8_DestroyIPSt4pairINSt7__cxx1112basic_stringIcSt11char_traitsIcESaIcEEES6_ES7_EvT_S9_RSaIT0_E:
    #####:  203:    _Destroy(_ForwardIterator __first, _ForwardIterator __last,
        -:  204:	     allocator<_Tp>&)
        -:  205:    {
    #####:  206:      _Destroy(__first, __last);
    %%%%%:  206-block  0
    #####:  207:    }
------------------
_ZSt8_DestroyIPSt4pairIlSt6vectorINSt7__cxx119sub_matchIPKcEESaIS6_EEES9_EvT_SB_RSaIT0_E:
    #####:  203:    _Destroy(_ForwardIterator __first, _ForwardIterator __last,
        -:  204:	     allocator<_Tp>&)
        -:  205:    {
    #####:  206:      _Destroy(__first, __last);
    %%%%%:  206-block  0
    #####:  207:    }
------------------
_ZSt8_DestroyIN9__gnu_cxx17__normal_iteratorIPNSt7__cxx119sub_matchIPKcEESt6vectorIS6_SaIS6_EEEES6_EvT_SC_RSaIT0_E:
       16:  203:    _Destroy(_ForwardIterator __first, _ForwardIterator __last,
        -:  204:	     allocator<_Tp>&)
        -:  205:    {
       16:  206:      _Destroy(__first, __last);
       16:  206-block  0
       16:  207:    }
------------------
_ZSt8_DestroyIPNSt8__detail6_StateIcEES2_EvT_S4_RSaIT0_E:
       36:  203:    _Destroy(_ForwardIterator __first, _ForwardIterator __last,
        -:  204:	     allocator<_Tp>&)
        -:  205:    {
       36:  206:      _Destroy(__first, __last);
       36:  206-block  0
       36:  207:    }
------------------
_ZSt8_DestroyIPccEvT_S1_RSaIT0_E:
    17336:  203:    _Destroy(_ForwardIterator __first, _ForwardIterator __last,
        -:  204:	     allocator<_Tp>&)
        -:  205:    {
    17336:  206:      _Destroy(__first, __last);
    17336:  206-block  0
    17336:  207:    }
------------------
_ZSt8_DestroyIPNSt7__cxx1112basic_stringIcSt11char_traitsIcESaIcEEES5_EvT_S7_RSaIT0_E:
      334:  203:    _Destroy(_ForwardIterator __first, _ForwardIterator __last,
        -:  204:	     allocator<_Tp>&)
        -:  205:    {
      334:  206:      _Destroy(__first, __last);
      334:  206-block  0
      334:  207:    }
------------------
_ZSt8_DestroyIPSt4pairIccES1_EvT_S3_RSaIT0_E:
      332:  203:    _Destroy(_ForwardIterator __first, _ForwardIterator __last,
        -:  204:	     allocator<_Tp>&)
        -:  205:    {
      332:  206:      _Destroy(__first, __last);
      332:  206-block  0
      332:  207:    }
------------------
_ZSt8_DestroyIPNSt7__cxx1112regex_traitsIcE10_RegexMaskES3_EvT_S5_RSaIT0_E:
      332:  203:    _Destroy(_ForwardIterator __first, _ForwardIterator __last,
        -:  204:	     allocator<_Tp>&)
        -:  205:    {
      332:  206:      _Destroy(__first, __last);
      332:  206-block  0
      332:  207:    }
------------------
        -:  208:
        -:  209:#if __cplusplus > 201402L
        -:  210:  template <typename _Tp>
        -:  211:    inline void
        -:  212:    destroy_at(_Tp* __location)
        -:  213:    {
        -:  214:      std::_Destroy(__location);
        -:  215:    }
        -:  216:
        -:  217:  template <typename _ForwardIterator>
        -:  218:    inline void
        -:  219:    destroy(_ForwardIterator __first, _ForwardIterator __last)
        -:  220:    {
        -:  221:      std::_Destroy(__first, __last);
        -:  222:    }
        -:  223:
        -:  224:  template <typename _ForwardIterator, typename _Size>
        -:  225:    inline _ForwardIterator
        -:  226:    destroy_n(_ForwardIterator __first, _Size __count)
        -:  227:    {
        -:  228:      return std::_Destroy_n(__first, __count);
        -:  229:    }
        -:  230:#endif
        -:  231:
        -:  232:_GLIBCXX_END_NAMESPACE_VERSION
        -:  233:} // namespace std
        -:  234:
        -:  235:#endif /* _STL_CONSTRUCT_H */
        -:  236:
